CRITICAL - 2024-03-20 10:02:53 --> ErrorException: Attempt to read property "id" on null
in APPPATH\Views\data\edit_data_kantor.php on line 18.
 1 APPPATH\Views\data\edit_data_kantor.php(18): CodeIgniter\Debug\Exceptions->errorHandler(2, 'Attempt to read property "id" on null', 'C:\\xampp\\htdocs\\codenighter\\app\\Views\\data\\edit_data_kantor.php', 18)
 2 SYSTEMPATH\View\View.php(228): include('C:\\xampp\\htdocs\\codenighter\\app\\Views\\data\\edit_data_kantor.php')
 3 SYSTEMPATH\View\View.php(231): CodeIgniter\View\View->CodeIgniter\View\{closure}()
 4 SYSTEMPATH\Common.php(1178): CodeIgniter\View\View->render('data/edit_data_kantor', [], true)
 5 APPPATH\Controllers\Kantor.php(32): view('data/edit_data_kantor', [...])
 6 SYSTEMPATH\CodeIgniter.php(941): App\Controllers\Kantor->edit_data_kantor('10')
 7 SYSTEMPATH\CodeIgniter.php(502): CodeIgniter\CodeIgniter->runController(Object(App\Controllers\Kantor))
 8 SYSTEMPATH\CodeIgniter.php(361): CodeIgniter\CodeIgniter->handleRequest(null, Object(Config\Cache), false)
 9 FCPATH\index.php(79): CodeIgniter\CodeIgniter->run()
10 SYSTEMPATH\Commands\Server\rewrite.php(47): require_once('C:\\xampp\\htdocs\\codenighter\\public\\index.php')
CRITICAL - 2024-03-20 13:32:13 --> CodeIgniter\View\Exceptions\ViewException: Invalid file: "data/kantor.php"
in SYSTEMPATH\Exceptions\FrameworkException.php on line 39.
 1 SYSTEMPATH\View\View.php(216): CodeIgniter\Exceptions\FrameworkException::forInvalidFile('data/kantor.php')
 2 SYSTEMPATH\Common.php(1178): CodeIgniter\View\View->render('data/kantor', [], true)
 3 APPPATH\Controllers\Mahasiswa.php(13): view('data/kantor', [...])
 4 SYSTEMPATH\CodeIgniter.php(941): App\Controllers\Mahasiswa->index()
 5 SYSTEMPATH\CodeIgniter.php(502): CodeIgniter\CodeIgniter->runController(Object(App\Controllers\Mahasiswa))
 6 SYSTEMPATH\CodeIgniter.php(361): CodeIgniter\CodeIgniter->handleRequest(null, Object(Config\Cache), false)
 7 FCPATH\index.php(79): CodeIgniter\CodeIgniter->run()
 8 SYSTEMPATH\Commands\Server\rewrite.php(47): require_once('C:\\xampp\\htdocs\\codenighter\\public\\index.php')
CRITICAL - 2024-03-20 13:34:50 --> CodeIgniter\View\Exceptions\ViewException: Invalid file: "data/kantor.php"
in SYSTEMPATH\Exceptions\FrameworkException.php on line 39.
 1 SYSTEMPATH\View\View.php(216): CodeIgniter\Exceptions\FrameworkException::forInvalidFile('data/kantor.php')
 2 SYSTEMPATH\Common.php(1178): CodeIgniter\View\View->render('data/kantor', [], true)
 3 APPPATH\Controllers\Mahasiswa.php(13): view('data/kantor', [...])
 4 SYSTEMPATH\CodeIgniter.php(941): App\Controllers\Mahasiswa->index()
 5 SYSTEMPATH\CodeIgniter.php(502): CodeIgniter\CodeIgniter->runController(Object(App\Controllers\Mahasiswa))
 6 SYSTEMPATH\CodeIgniter.php(361): CodeIgniter\CodeIgniter->handleRequest(null, Object(Config\Cache), false)
 7 FCPATH\index.php(79): CodeIgniter\CodeIgniter->run()
 8 SYSTEMPATH\Commands\Server\rewrite.php(47): require_once('C:\\xampp\\htdocs\\codenighter\\public\\index.php')
CRITICAL - 2024-03-20 13:40:15 --> CodeIgniter\View\Exceptions\ViewException: Invalid file: "data/kantor.php"
in SYSTEMPATH\Exceptions\FrameworkException.php on line 39.
 1 SYSTEMPATH\View\View.php(216): CodeIgniter\Exceptions\FrameworkException::forInvalidFile('data/kantor.php')
 2 SYSTEMPATH\Common.php(1178): CodeIgniter\View\View->render('data/kantor', [], true)
 3 APPPATH\Controllers\Mahasiswa.php(13): view('data/kantor', [...])
 4 SYSTEMPATH\CodeIgniter.php(941): App\Controllers\Mahasiswa->index()
 5 SYSTEMPATH\CodeIgniter.php(502): CodeIgniter\CodeIgniter->runController(Object(App\Controllers\Mahasiswa))
 6 SYSTEMPATH\CodeIgniter.php(361): CodeIgniter\CodeIgniter->handleRequest(null, Object(Config\Cache), false)
 7 FCPATH\index.php(79): CodeIgniter\CodeIgniter->run()
 8 SYSTEMPATH\Commands\Server\rewrite.php(47): require_once('C:\\xampp\\htdocs\\codenighter\\public\\index.php')
CRITICAL - 2024-03-20 13:40:47 --> ErrorException: Undefined variable $kantor
in APPPATH\Views\data\kelas.php on line 40.
 1 APPPATH\Views\data\kelas.php(40): CodeIgniter\Debug\Exceptions->errorHandler(2, 'Undefined variable $kantor', 'C:\\xampp\\htdocs\\codenighter\\app\\Views\\data\\kelas.php', 40)
 2 SYSTEMPATH\View\View.php(228): include('C:\\xampp\\htdocs\\codenighter\\app\\Views\\data\\kelas.php')
 3 SYSTEMPATH\View\View.php(231): CodeIgniter\View\View->CodeIgniter\View\{closure}()
 4 SYSTEMPATH\Common.php(1178): CodeIgniter\View\View->render('data/kelas', [], true)
 5 APPPATH\Controllers\Mahasiswa.php(13): view('data/kelas', [...])
 6 SYSTEMPATH\CodeIgniter.php(941): App\Controllers\Mahasiswa->index()
 7 SYSTEMPATH\CodeIgniter.php(502): CodeIgniter\CodeIgniter->runController(Object(App\Controllers\Mahasiswa))
 8 SYSTEMPATH\CodeIgniter.php(361): CodeIgniter\CodeIgniter->handleRequest(null, Object(Config\Cache), false)
 9 FCPATH\index.php(79): CodeIgniter\CodeIgniter->run()
10 SYSTEMPATH\Commands\Server\rewrite.php(47): require_once('C:\\xampp\\htdocs\\codenighter\\public\\index.php')
CRITICAL - 2024-03-20 13:41:27 --> ErrorException: Undefined property: stdClass::$nik
in APPPATH\Views\data\edit_data_kantor.php on line 27.
 1 APPPATH\Views\data\edit_data_kantor.php(27): CodeIgniter\Debug\Exceptions->errorHandler(2, 'Undefined property: stdClass::$nik', 'C:\\xampp\\htdocs\\codenighter\\app\\Views\\data\\edit_data_kantor.php', 27)
 2 SYSTEMPATH\View\View.php(228): include('C:\\xampp\\htdocs\\codenighter\\app\\Views\\data\\edit_data_kantor.php')
 3 SYSTEMPATH\View\View.php(231): CodeIgniter\View\View->CodeIgniter\View\{closure}()
 4 SYSTEMPATH\Common.php(1178): CodeIgniter\View\View->render('data/edit_data_kantor', [], true)
 5 APPPATH\Controllers\Mahasiswa.php(32): view('data/edit_data_kantor', [...])
 6 SYSTEMPATH\CodeIgniter.php(941): App\Controllers\Mahasiswa->edit_data_kantor('1')
 7 SYSTEMPATH\CodeIgniter.php(502): CodeIgniter\CodeIgniter->runController(Object(App\Controllers\Mahasiswa))
 8 SYSTEMPATH\CodeIgniter.php(361): CodeIgniter\CodeIgniter->handleRequest(null, Object(Config\Cache), false)
 9 FCPATH\index.php(79): CodeIgniter\CodeIgniter->run()
10 SYSTEMPATH\Commands\Server\rewrite.php(47): require_once('C:\\xampp\\htdocs\\codenighter\\public\\index.php')
CRITICAL - 2024-03-20 13:46:39 --> ErrorException: Undefined property: stdClass::$nik
in APPPATH\Views\data\edit_data_kantor.php on line 27.
 1 APPPATH\Views\data\edit_data_kantor.php(27): CodeIgniter\Debug\Exceptions->errorHandler(2, 'Undefined property: stdClass::$nik', 'C:\\xampp\\htdocs\\codenighter\\app\\Views\\data\\edit_data_kantor.php', 27)
 2 SYSTEMPATH\View\View.php(228): include('C:\\xampp\\htdocs\\codenighter\\app\\Views\\data\\edit_data_kantor.php')
 3 SYSTEMPATH\View\View.php(231): CodeIgniter\View\View->CodeIgniter\View\{closure}()
 4 SYSTEMPATH\Common.php(1178): CodeIgniter\View\View->render('data/edit_data_kantor', [], true)
 5 APPPATH\Controllers\Mahasiswa.php(32): view('data/edit_data_kantor', [...])
 6 SYSTEMPATH\CodeIgniter.php(941): App\Controllers\Mahasiswa->edit_data_kantor('12')
 7 SYSTEMPATH\CodeIgniter.php(502): CodeIgniter\CodeIgniter->runController(Object(App\Controllers\Mahasiswa))
 8 SYSTEMPATH\CodeIgniter.php(361): CodeIgniter\CodeIgniter->handleRequest(null, Object(Config\Cache), false)
 9 FCPATH\index.php(79): CodeIgniter\CodeIgniter->run()
10 SYSTEMPATH\Commands\Server\rewrite.php(47): require_once('C:\\xampp\\htdocs\\codenighter\\public\\index.php')
CRITICAL - 2024-03-20 13:48:05 --> ErrorException: Undefined property: stdClass::$nik
in APPPATH\Views\data\edit_data_kantor.php on line 27.
 1 APPPATH\Views\data\edit_data_kantor.php(27): CodeIgniter\Debug\Exceptions->errorHandler(2, 'Undefined property: stdClass::$nik', 'C:\\xampp\\htdocs\\codenighter\\app\\Views\\data\\edit_data_kantor.php', 27)
 2 SYSTEMPATH\View\View.php(228): include('C:\\xampp\\htdocs\\codenighter\\app\\Views\\data\\edit_data_kantor.php')
 3 SYSTEMPATH\View\View.php(231): CodeIgniter\View\View->CodeIgniter\View\{closure}()
 4 SYSTEMPATH\Common.php(1178): CodeIgniter\View\View->render('data/edit_data_kantor', [], true)
 5 APPPATH\Controllers\Mahasiswa.php(32): view('data/edit_data_kantor', [...])
 6 SYSTEMPATH\CodeIgniter.php(941): App\Controllers\Mahasiswa->edit_data_kantor('11')
 7 SYSTEMPATH\CodeIgniter.php(502): CodeIgniter\CodeIgniter->runController(Object(App\Controllers\Mahasiswa))
 8 SYSTEMPATH\CodeIgniter.php(361): CodeIgniter\CodeIgniter->handleRequest(null, Object(Config\Cache), false)
 9 FCPATH\index.php(79): CodeIgniter\CodeIgniter->run()
10 SYSTEMPATH\Commands\Server\rewrite.php(47): require_once('C:\\xampp\\htdocs\\codenighter\\public\\index.php')
CRITICAL - 2024-03-20 14:13:23 --> ErrorException: Undefined variable $all_data_kantor
in APPPATH\Views\data\kelas.php on line 29.
 1 APPPATH\Views\data\kelas.php(29): CodeIgniter\Debug\Exceptions->errorHandler(2, 'Undefined variable $all_data_kantor', 'C:\\xampp\\htdocs\\codenighter\\app\\Views\\data\\kelas.php', 29)
 2 SYSTEMPATH\View\View.php(228): include('C:\\xampp\\htdocs\\codenighter\\app\\Views\\data\\kelas.php')
 3 SYSTEMPATH\View\View.php(231): CodeIgniter\View\View->CodeIgniter\View\{closure}()
 4 SYSTEMPATH\Common.php(1178): CodeIgniter\View\View->render('data/kelas', [], true)
 5 APPPATH\Controllers\Mahasiswa.php(18): view('data/kelas')
 6 SYSTEMPATH\CodeIgniter.php(941): App\Controllers\Mahasiswa->logout()
 7 SYSTEMPATH\CodeIgniter.php(502): CodeIgniter\CodeIgniter->runController(Object(App\Controllers\Mahasiswa))
 8 SYSTEMPATH\CodeIgniter.php(361): CodeIgniter\CodeIgniter->handleRequest(null, Object(Config\Cache), false)
 9 FCPATH\index.php(79): CodeIgniter\CodeIgniter->run()
10 SYSTEMPATH\Commands\Server\rewrite.php(47): require_once('C:\\xampp\\htdocs\\codenighter\\public\\index.php')
CRITICAL - 2024-03-20 14:13:32 --> ErrorException: Undefined variable $all_data_kantor
in APPPATH\Views\data\kelas.php on line 29.
 1 APPPATH\Views\data\kelas.php(29): CodeIgniter\Debug\Exceptions->errorHandler(2, 'Undefined variable $all_data_kantor', 'C:\\xampp\\htdocs\\codenighter\\app\\Views\\data\\kelas.php', 29)
 2 SYSTEMPATH\View\View.php(228): include('C:\\xampp\\htdocs\\codenighter\\app\\Views\\data\\kelas.php')
 3 SYSTEMPATH\View\View.php(231): CodeIgniter\View\View->CodeIgniter\View\{closure}()
 4 SYSTEMPATH\Common.php(1178): CodeIgniter\View\View->render('data/kelas', [], true)
 5 APPPATH\Controllers\Mahasiswa.php(18): view('data/kelas')
 6 SYSTEMPATH\CodeIgniter.php(941): App\Controllers\Mahasiswa->logout()
 7 SYSTEMPATH\CodeIgniter.php(502): CodeIgniter\CodeIgniter->runController(Object(App\Controllers\Mahasiswa))
 8 SYSTEMPATH\CodeIgniter.php(361): CodeIgniter\CodeIgniter->handleRequest(null, Object(Config\Cache), false)
 9 FCPATH\index.php(79): CodeIgniter\CodeIgniter->run()
10 SYSTEMPATH\Commands\Server\rewrite.php(47): require_once('C:\\xampp\\htdocs\\codenighter\\public\\index.php')
CRITICAL - 2024-03-20 14:13:50 --> ErrorException: Undefined variable $all_data_kantor
in APPPATH\Views\data\kelas.php on line 29.
 1 APPPATH\Views\data\kelas.php(29): CodeIgniter\Debug\Exceptions->errorHandler(2, 'Undefined variable $all_data_kantor', 'C:\\xampp\\htdocs\\codenighter\\app\\Views\\data\\kelas.php', 29)
 2 SYSTEMPATH\View\View.php(228): include('C:\\xampp\\htdocs\\codenighter\\app\\Views\\data\\kelas.php')
 3 SYSTEMPATH\View\View.php(231): CodeIgniter\View\View->CodeIgniter\View\{closure}()
 4 SYSTEMPATH\Common.php(1178): CodeIgniter\View\View->render('data/kelas', [], true)
 5 APPPATH\Controllers\Mahasiswa.php(18): view('data/kelas')
 6 SYSTEMPATH\CodeIgniter.php(941): App\Controllers\Mahasiswa->logout()
 7 SYSTEMPATH\CodeIgniter.php(502): CodeIgniter\CodeIgniter->runController(Object(App\Controllers\Mahasiswa))
 8 SYSTEMPATH\CodeIgniter.php(361): CodeIgniter\CodeIgniter->handleRequest(null, Object(Config\Cache), false)
 9 FCPATH\index.php(79): CodeIgniter\CodeIgniter->run()
10 SYSTEMPATH\Commands\Server\rewrite.php(47): require_once('C:\\xampp\\htdocs\\codenighter\\public\\index.php')
CRITICAL - 2024-03-20 14:14:06 --> ErrorException: Undefined variable $all_data_kantor
in APPPATH\Views\data\kelas.php on line 29.
 1 APPPATH\Views\data\kelas.php(29): CodeIgniter\Debug\Exceptions->errorHandler(2, 'Undefined variable $all_data_kantor', 'C:\\xampp\\htdocs\\codenighter\\app\\Views\\data\\kelas.php', 29)
 2 SYSTEMPATH\View\View.php(228): include('C:\\xampp\\htdocs\\codenighter\\app\\Views\\data\\kelas.php')
 3 SYSTEMPATH\View\View.php(231): CodeIgniter\View\View->CodeIgniter\View\{closure}()
 4 SYSTEMPATH\Common.php(1178): CodeIgniter\View\View->render('data/kelas', [], true)
 5 APPPATH\Controllers\Mahasiswa.php(18): view('data/kelas')
 6 SYSTEMPATH\CodeIgniter.php(941): App\Controllers\Mahasiswa->logout()
 7 SYSTEMPATH\CodeIgniter.php(502): CodeIgniter\CodeIgniter->runController(Object(App\Controllers\Mahasiswa))
 8 SYSTEMPATH\CodeIgniter.php(361): CodeIgniter\CodeIgniter->handleRequest(null, Object(Config\Cache), false)
 9 FCPATH\index.php(79): CodeIgniter\CodeIgniter->run()
10 SYSTEMPATH\Commands\Server\rewrite.php(47): require_once('C:\\xampp\\htdocs\\codenighter\\public\\index.php')
CRITICAL - 2024-03-20 14:14:41 --> ErrorException: Undefined variable $all_data_kantor
in APPPATH\Views\data\kelas.php on line 29.
 1 APPPATH\Views\data\kelas.php(29): CodeIgniter\Debug\Exceptions->errorHandler(2, 'Undefined variable $all_data_kantor', 'C:\\xampp\\htdocs\\codenighter\\app\\Views\\data\\kelas.php', 29)
 2 SYSTEMPATH\View\View.php(228): include('C:\\xampp\\htdocs\\codenighter\\app\\Views\\data\\kelas.php')
 3 SYSTEMPATH\View\View.php(231): CodeIgniter\View\View->CodeIgniter\View\{closure}()
 4 SYSTEMPATH\Common.php(1178): CodeIgniter\View\View->render('data/kelas', [], true)
 5 APPPATH\Controllers\Mahasiswa.php(18): view('data/kelas')
 6 SYSTEMPATH\CodeIgniter.php(941): App\Controllers\Mahasiswa->logout()
 7 SYSTEMPATH\CodeIgniter.php(502): CodeIgniter\CodeIgniter->runController(Object(App\Controllers\Mahasiswa))
 8 SYSTEMPATH\CodeIgniter.php(361): CodeIgniter\CodeIgniter->handleRequest(null, Object(Config\Cache), false)
 9 FCPATH\index.php(79): CodeIgniter\CodeIgniter->run()
10 SYSTEMPATH\Commands\Server\rewrite.php(47): require_once('C:\\xampp\\htdocs\\codenighter\\public\\index.php')
CRITICAL - 2024-03-20 14:15:40 --> CodeIgniter\View\Exceptions\ViewException: Invalid file: "data/proses_add_kantor.php"
in SYSTEMPATH\Exceptions\FrameworkException.php on line 39.
 1 SYSTEMPATH\View\View.php(216): CodeIgniter\Exceptions\FrameworkException::forInvalidFile('data/proses_add_kantor.php')
 2 SYSTEMPATH\Common.php(1178): CodeIgniter\View\View->render('data/proses_add_kantor', [], true)
 3 APPPATH\Controllers\Mahasiswa.php(18): view('data/proses_add_kantor')
 4 SYSTEMPATH\CodeIgniter.php(941): App\Controllers\Mahasiswa->logout()
 5 SYSTEMPATH\CodeIgniter.php(502): CodeIgniter\CodeIgniter->runController(Object(App\Controllers\Mahasiswa))
 6 SYSTEMPATH\CodeIgniter.php(361): CodeIgniter\CodeIgniter->handleRequest(null, Object(Config\Cache), false)
 7 FCPATH\index.php(79): CodeIgniter\CodeIgniter->run()
 8 SYSTEMPATH\Commands\Server\rewrite.php(47): require_once('C:\\xampp\\htdocs\\codenighter\\public\\index.php')
CRITICAL - 2024-03-20 14:15:54 --> ErrorException: Undefined variable $all_data_kantor
in APPPATH\Views\data\kelas.php on line 29.
 1 APPPATH\Views\data\kelas.php(29): CodeIgniter\Debug\Exceptions->errorHandler(2, 'Undefined variable $all_data_kantor', 'C:\\xampp\\htdocs\\codenighter\\app\\Views\\data\\kelas.php', 29)
 2 SYSTEMPATH\View\View.php(228): include('C:\\xampp\\htdocs\\codenighter\\app\\Views\\data\\kelas.php')
 3 SYSTEMPATH\View\View.php(231): CodeIgniter\View\View->CodeIgniter\View\{closure}()
 4 SYSTEMPATH\Common.php(1178): CodeIgniter\View\View->render('data/kelas', [], true)
 5 APPPATH\Controllers\Mahasiswa.php(18): view('data/kelas')
 6 SYSTEMPATH\CodeIgniter.php(941): App\Controllers\Mahasiswa->logout()
 7 SYSTEMPATH\CodeIgniter.php(502): CodeIgniter\CodeIgniter->runController(Object(App\Controllers\Mahasiswa))
 8 SYSTEMPATH\CodeIgniter.php(361): CodeIgniter\CodeIgniter->handleRequest(null, Object(Config\Cache), false)
 9 FCPATH\index.php(79): CodeIgniter\CodeIgniter->run()
10 SYSTEMPATH\Commands\Server\rewrite.php(47): require_once('C:\\xampp\\htdocs\\codenighter\\public\\index.php')
CRITICAL - 2024-03-20 14:16:37 --> ErrorException: Undefined variable $all_data_kantor
in APPPATH\Views\data\kelas.php on line 29.
 1 APPPATH\Views\data\kelas.php(29): CodeIgniter\Debug\Exceptions->errorHandler(2, 'Undefined variable $all_data_kantor', 'C:\\xampp\\htdocs\\codenighter\\app\\Views\\data\\kelas.php', 29)
 2 SYSTEMPATH\View\View.php(228): include('C:\\xampp\\htdocs\\codenighter\\app\\Views\\data\\kelas.php')
 3 SYSTEMPATH\View\View.php(231): CodeIgniter\View\View->CodeIgniter\View\{closure}()
 4 SYSTEMPATH\Common.php(1178): CodeIgniter\View\View->render('data/kelas', [], true)
 5 APPPATH\Controllers\Mahasiswa.php(18): view('data/kelas')
 6 SYSTEMPATH\CodeIgniter.php(941): App\Controllers\Mahasiswa->logout()
 7 SYSTEMPATH\CodeIgniter.php(502): CodeIgniter\CodeIgniter->runController(Object(App\Controllers\Mahasiswa))
 8 SYSTEMPATH\CodeIgniter.php(361): CodeIgniter\CodeIgniter->handleRequest(null, Object(Config\Cache), false)
 9 FCPATH\index.php(79): CodeIgniter\CodeIgniter->run()
10 SYSTEMPATH\Commands\Server\rewrite.php(47): require_once('C:\\xampp\\htdocs\\codenighter\\public\\index.php')
CRITICAL - 2024-03-20 14:16:39 --> ErrorException: Undefined variable $all_data_kantor
in APPPATH\Views\data\kelas.php on line 29.
 1 APPPATH\Views\data\kelas.php(29): CodeIgniter\Debug\Exceptions->errorHandler(2, 'Undefined variable $all_data_kantor', 'C:\\xampp\\htdocs\\codenighter\\app\\Views\\data\\kelas.php', 29)
 2 SYSTEMPATH\View\View.php(228): include('C:\\xampp\\htdocs\\codenighter\\app\\Views\\data\\kelas.php')
 3 SYSTEMPATH\View\View.php(231): CodeIgniter\View\View->CodeIgniter\View\{closure}()
 4 SYSTEMPATH\Common.php(1178): CodeIgniter\View\View->render('data/kelas', [], true)
 5 APPPATH\Controllers\Mahasiswa.php(18): view('data/kelas')
 6 SYSTEMPATH\CodeIgniter.php(941): App\Controllers\Mahasiswa->logout()
 7 SYSTEMPATH\CodeIgniter.php(502): CodeIgniter\CodeIgniter->runController(Object(App\Controllers\Mahasiswa))
 8 SYSTEMPATH\CodeIgniter.php(361): CodeIgniter\CodeIgniter->handleRequest(null, Object(Config\Cache), false)
 9 FCPATH\index.php(79): CodeIgniter\CodeIgniter->run()
10 SYSTEMPATH\Commands\Server\rewrite.php(47): require_once('C:\\xampp\\htdocs\\codenighter\\public\\index.php')
CRITICAL - 2024-03-20 14:17:07 --> ErrorException: Undefined variable $all_data_kantor
in APPPATH\Views\data\kelas.php on line 29.
 1 APPPATH\Views\data\kelas.php(29): CodeIgniter\Debug\Exceptions->errorHandler(2, 'Undefined variable $all_data_kantor', 'C:\\xampp\\htdocs\\codenighter\\app\\Views\\data\\kelas.php', 29)
 2 SYSTEMPATH\View\View.php(228): include('C:\\xampp\\htdocs\\codenighter\\app\\Views\\data\\kelas.php')
 3 SYSTEMPATH\View\View.php(231): CodeIgniter\View\View->CodeIgniter\View\{closure}()
 4 SYSTEMPATH\Common.php(1178): CodeIgniter\View\View->render('data/kelas', [], true)
 5 APPPATH\Controllers\Mahasiswa.php(18): view('data/kelas')
 6 SYSTEMPATH\CodeIgniter.php(941): App\Controllers\Mahasiswa->logout()
 7 SYSTEMPATH\CodeIgniter.php(502): CodeIgniter\CodeIgniter->runController(Object(App\Controllers\Mahasiswa))
 8 SYSTEMPATH\CodeIgniter.php(361): CodeIgniter\CodeIgniter->handleRequest(null, Object(Config\Cache), false)
 9 FCPATH\index.php(79): CodeIgniter\CodeIgniter->run()
10 SYSTEMPATH\Commands\Server\rewrite.php(47): require_once('C:\\xampp\\htdocs\\codenighter\\public\\index.php')
CRITICAL - 2024-03-20 14:17:19 --> ErrorException: Undefined variable $all_data_kantor
in APPPATH\Views\data\kelas.php on line 29.
 1 APPPATH\Views\data\kelas.php(29): CodeIgniter\Debug\Exceptions->errorHandler(2, 'Undefined variable $all_data_kantor', 'C:\\xampp\\htdocs\\codenighter\\app\\Views\\data\\kelas.php', 29)
 2 SYSTEMPATH\View\View.php(228): include('C:\\xampp\\htdocs\\codenighter\\app\\Views\\data\\kelas.php')
 3 SYSTEMPATH\View\View.php(231): CodeIgniter\View\View->CodeIgniter\View\{closure}()
 4 SYSTEMPATH\Common.php(1178): CodeIgniter\View\View->render('data/kelas', [], true)
 5 APPPATH\Controllers\Mahasiswa.php(18): view('data/kelas')
 6 SYSTEMPATH\CodeIgniter.php(941): App\Controllers\Mahasiswa->logout()
 7 SYSTEMPATH\CodeIgniter.php(502): CodeIgniter\CodeIgniter->runController(Object(App\Controllers\Mahasiswa))
 8 SYSTEMPATH\CodeIgniter.php(361): CodeIgniter\CodeIgniter->handleRequest(null, Object(Config\Cache), false)
 9 FCPATH\index.php(79): CodeIgniter\CodeIgniter->run()
10 SYSTEMPATH\Commands\Server\rewrite.php(47): require_once('C:\\xampp\\htdocs\\codenighter\\public\\index.php')
CRITICAL - 2024-03-20 14:29:18 --> ErrorException: Undefined property: stdClass::$studi
in APPPATH\Views\data\kelas.php on line 43.
 1 APPPATH\Views\data\kelas.php(43): CodeIgniter\Debug\Exceptions->errorHandler(2, 'Undefined property: stdClass::$studi', 'C:\\xampp\\htdocs\\codenighter\\app\\Views\\data\\kelas.php', 43)
 2 SYSTEMPATH\View\View.php(228): include('C:\\xampp\\htdocs\\codenighter\\app\\Views\\data\\kelas.php')
 3 SYSTEMPATH\View\View.php(231): CodeIgniter\View\View->CodeIgniter\View\{closure}()
 4 SYSTEMPATH\Common.php(1178): CodeIgniter\View\View->render('data/kelas', [], true)
 5 APPPATH\Controllers\Mahasiswa.php(18): view('data/kelas')
 6 SYSTEMPATH\CodeIgniter.php(941): App\Controllers\Mahasiswa->logout()
 7 SYSTEMPATH\CodeIgniter.php(502): CodeIgniter\CodeIgniter->runController(Object(App\Controllers\Mahasiswa))
 8 SYSTEMPATH\CodeIgniter.php(361): CodeIgniter\CodeIgniter->handleRequest(null, Object(Config\Cache), false)
 9 FCPATH\index.php(79): CodeIgniter\CodeIgniter->run()
10 SYSTEMPATH\Commands\Server\rewrite.php(47): require_once('C:\\xampp\\htdocs\\codenighter\\public\\index.php')
CRITICAL - 2024-03-20 14:29:19 --> ErrorException: Undefined property: stdClass::$studi
in APPPATH\Views\data\kelas.php on line 43.
 1 APPPATH\Views\data\kelas.php(43): CodeIgniter\Debug\Exceptions->errorHandler(2, 'Undefined property: stdClass::$studi', 'C:\\xampp\\htdocs\\codenighter\\app\\Views\\data\\kelas.php', 43)
 2 SYSTEMPATH\View\View.php(228): include('C:\\xampp\\htdocs\\codenighter\\app\\Views\\data\\kelas.php')
 3 SYSTEMPATH\View\View.php(231): CodeIgniter\View\View->CodeIgniter\View\{closure}()
 4 SYSTEMPATH\Common.php(1178): CodeIgniter\View\View->render('data/kelas', [], true)
 5 APPPATH\Controllers\Mahasiswa.php(18): view('data/kelas')
 6 SYSTEMPATH\CodeIgniter.php(941): App\Controllers\Mahasiswa->logout()
 7 SYSTEMPATH\CodeIgniter.php(502): CodeIgniter\CodeIgniter->runController(Object(App\Controllers\Mahasiswa))
 8 SYSTEMPATH\CodeIgniter.php(361): CodeIgniter\CodeIgniter->handleRequest(null, Object(Config\Cache), false)
 9 FCPATH\index.php(79): CodeIgniter\CodeIgniter->run()
10 SYSTEMPATH\Commands\Server\rewrite.php(47): require_once('C:\\xampp\\htdocs\\codenighter\\public\\index.php')
CRITICAL - 2024-03-20 14:30:42 --> ErrorException: Undefined property: stdClass::$id
in APPPATH\Views\data\kelas.php on line 47.
 1 APPPATH\Views\data\kelas.php(47): CodeIgniter\Debug\Exceptions->errorHandler(2, 'Undefined property: stdClass::$id', 'C:\\xampp\\htdocs\\codenighter\\app\\Views\\data\\kelas.php', 47)
 2 SYSTEMPATH\View\View.php(228): include('C:\\xampp\\htdocs\\codenighter\\app\\Views\\data\\kelas.php')
 3 SYSTEMPATH\View\View.php(231): CodeIgniter\View\View->CodeIgniter\View\{closure}()
 4 SYSTEMPATH\Common.php(1178): CodeIgniter\View\View->render('data/kelas', [], true)
 5 APPPATH\Controllers\Mahasiswa.php(18): view('data/kelas')
 6 SYSTEMPATH\CodeIgniter.php(941): App\Controllers\Mahasiswa->logout()
 7 SYSTEMPATH\CodeIgniter.php(502): CodeIgniter\CodeIgniter->runController(Object(App\Controllers\Mahasiswa))
 8 SYSTEMPATH\CodeIgniter.php(361): CodeIgniter\CodeIgniter->handleRequest(null, Object(Config\Cache), false)
 9 FCPATH\index.php(79): CodeIgniter\CodeIgniter->run()
10 SYSTEMPATH\Commands\Server\rewrite.php(47): require_once('C:\\xampp\\htdocs\\codenighter\\public\\index.php')
CRITICAL - 2024-03-20 14:31:11 --> ErrorException: Undefined variable $all_data_kantor
in APPPATH\Views\data\kelas.php on line 29.
 1 APPPATH\Views\data\kelas.php(29): CodeIgniter\Debug\Exceptions->errorHandler(2, 'Undefined variable $all_data_kantor', 'C:\\xampp\\htdocs\\codenighter\\app\\Views\\data\\kelas.php', 29)
 2 SYSTEMPATH\View\View.php(228): include('C:\\xampp\\htdocs\\codenighter\\app\\Views\\data\\kelas.php')
 3 SYSTEMPATH\View\View.php(231): CodeIgniter\View\View->CodeIgniter\View\{closure}()
 4 SYSTEMPATH\Common.php(1178): CodeIgniter\View\View->render('data/kelas', [], true)
 5 APPPATH\Controllers\Mahasiswa.php(18): view('data/kelas')
 6 SYSTEMPATH\CodeIgniter.php(941): App\Controllers\Mahasiswa->logout()
 7 SYSTEMPATH\CodeIgniter.php(502): CodeIgniter\CodeIgniter->runController(Object(App\Controllers\Mahasiswa))
 8 SYSTEMPATH\CodeIgniter.php(361): CodeIgniter\CodeIgniter->handleRequest(null, Object(Config\Cache), false)
 9 FCPATH\index.php(79): CodeIgniter\CodeIgniter->run()
10 SYSTEMPATH\Commands\Server\rewrite.php(47): require_once('C:\\xampp\\htdocs\\codenighter\\public\\index.php')
CRITICAL - 2024-03-20 14:31:50 --> CodeIgniter\View\Exceptions\ViewException: Invalid file: "data.php"
in SYSTEMPATH\Exceptions\FrameworkException.php on line 39.
 1 SYSTEMPATH\View\View.php(216): CodeIgniter\Exceptions\FrameworkException::forInvalidFile('data.php')
 2 SYSTEMPATH\Common.php(1178): CodeIgniter\View\View->render('data', [], true)
 3 APPPATH\Controllers\Mahasiswa.php(18): view('data')
 4 SYSTEMPATH\CodeIgniter.php(941): App\Controllers\Mahasiswa->logout()
 5 SYSTEMPATH\CodeIgniter.php(502): CodeIgniter\CodeIgniter->runController(Object(App\Controllers\Mahasiswa))
 6 SYSTEMPATH\CodeIgniter.php(361): CodeIgniter\CodeIgniter->handleRequest(null, Object(Config\Cache), false)
 7 FCPATH\index.php(79): CodeIgniter\CodeIgniter->run()
 8 SYSTEMPATH\Commands\Server\rewrite.php(47): require_once('C:\\xampp\\htdocs\\codenighter\\public\\index.php')
CRITICAL - 2024-03-20 14:32:16 --> ErrorException: Undefined variable $all_data_kantor
in APPPATH\Views\data\kelas.php on line 29.
 1 APPPATH\Views\data\kelas.php(29): CodeIgniter\Debug\Exceptions->errorHandler(2, 'Undefined variable $all_data_kantor', 'C:\\xampp\\htdocs\\codenighter\\app\\Views\\data\\kelas.php', 29)
 2 SYSTEMPATH\View\View.php(228): include('C:\\xampp\\htdocs\\codenighter\\app\\Views\\data\\kelas.php')
 3 SYSTEMPATH\View\View.php(231): CodeIgniter\View\View->CodeIgniter\View\{closure}()
 4 SYSTEMPATH\Common.php(1178): CodeIgniter\View\View->render('data/kelas', [], true)
 5 APPPATH\Controllers\Mahasiswa.php(18): view('data/kelas')
 6 SYSTEMPATH\CodeIgniter.php(941): App\Controllers\Mahasiswa->logout()
 7 SYSTEMPATH\CodeIgniter.php(502): CodeIgniter\CodeIgniter->runController(Object(App\Controllers\Mahasiswa))
 8 SYSTEMPATH\CodeIgniter.php(361): CodeIgniter\CodeIgniter->handleRequest(null, Object(Config\Cache), false)
 9 FCPATH\index.php(79): CodeIgniter\CodeIgniter->run()
10 SYSTEMPATH\Commands\Server\rewrite.php(47): require_once('C:\\xampp\\htdocs\\codenighter\\public\\index.php')
CRITICAL - 2024-03-20 14:32:49 --> ErrorException: Undefined variable $all_data_kantor
in APPPATH\Views\data\kelas.php on line 29.
 1 APPPATH\Views\data\kelas.php(29): CodeIgniter\Debug\Exceptions->errorHandler(2, 'Undefined variable $all_data_kantor', 'C:\\xampp\\htdocs\\codenighter\\app\\Views\\data\\kelas.php', 29)
 2 SYSTEMPATH\View\View.php(228): include('C:\\xampp\\htdocs\\codenighter\\app\\Views\\data\\kelas.php')
 3 SYSTEMPATH\View\View.php(231): CodeIgniter\View\View->CodeIgniter\View\{closure}()
 4 SYSTEMPATH\Common.php(1178): CodeIgniter\View\View->render('data/kelas', [], true)
 5 APPPATH\Controllers\Mahasiswa.php(18): view('data/kelas')
 6 SYSTEMPATH\CodeIgniter.php(941): App\Controllers\Mahasiswa->logout()
 7 SYSTEMPATH\CodeIgniter.php(502): CodeIgniter\CodeIgniter->runController(Object(App\Controllers\Mahasiswa))
 8 SYSTEMPATH\CodeIgniter.php(361): CodeIgniter\CodeIgniter->handleRequest(null, Object(Config\Cache), false)
 9 FCPATH\index.php(79): CodeIgniter\CodeIgniter->run()
10 SYSTEMPATH\Commands\Server\rewrite.php(47): require_once('C:\\xampp\\htdocs\\codenighter\\public\\index.php')
