INFO - 2024-05-05 02:46:33 --> Session: Class initialized using 'CodeIgniter\Session\Handlers\FileHandler' driver.
INFO - 2024-05-05 02:46:34 --> Session: Class initialized using 'CodeIgniter\Session\Handlers\FileHandler' driver.
INFO - 2024-05-05 02:46:52 --> Session: Class initialized using 'CodeIgniter\Session\Handlers\FileHandler' driver.
INFO - 2024-05-05 02:46:53 --> Session: Class initialized using 'CodeIgniter\Session\Handlers\FileHandler' driver.
INFO - 2024-05-05 02:47:03 --> Session: Class initialized using 'CodeIgniter\Session\Handlers\FileHandler' driver.
INFO - 2024-05-05 02:47:04 --> Session: Class initialized using 'CodeIgniter\Session\Handlers\FileHandler' driver.
INFO - 2024-05-05 02:47:09 --> Session: Class initialized using 'CodeIgniter\Session\Handlers\FileHandler' driver.
INFO - 2024-05-05 02:47:12 --> Session: Class initialized using 'CodeIgniter\Session\Handlers\FileHandler' driver.
INFO - 2024-05-05 02:49:59 --> Session: Class initialized using 'CodeIgniter\Session\Handlers\FileHandler' driver.
CRITICAL - 2024-05-05 02:49:59 --> ErrorException: Undefined variable $model_data
in APPPATH\Views\table\data_table.php on line 26.
 1 APPPATH\Views\table\data_table.php(26): CodeIgniter\Debug\Exceptions->errorHandler(2, 'Undefined variable $model_data', 'C:\\xampp\\htdocs\\codenighter\\app\\Views\\table\\data_table.php', 26)
 2 SYSTEMPATH\View\View.php(228): include('C:\\xampp\\htdocs\\codenighter\\app\\Views\\table\\data_table.php')
 3 SYSTEMPATH\View\View.php(231): CodeIgniter\View\View->CodeIgniter\View\{closure}()
 4 SYSTEMPATH\Common.php(1178): CodeIgniter\View\View->render('table/data_table', [], true)
 5 APPPATH\Controllers\Table2.php(31): view('table/data_table')
 6 SYSTEMPATH\CodeIgniter.php(941): App\Controllers\Table2->data_table()
 7 SYSTEMPATH\CodeIgniter.php(502): CodeIgniter\CodeIgniter->runController(Object(App\Controllers\Table2))
 8 SYSTEMPATH\CodeIgniter.php(361): CodeIgniter\CodeIgniter->handleRequest(null, Object(Config\Cache), false)
 9 FCPATH\index.php(79): CodeIgniter\CodeIgniter->run()
10 SYSTEMPATH\Commands\Server\rewrite.php(47): require_once('C:\\xampp\\htdocs\\codenighter\\public\\index.php')
INFO - 2024-05-05 02:51:16 --> Session: Class initialized using 'CodeIgniter\Session\Handlers\FileHandler' driver.
CRITICAL - 2024-05-05 02:51:16 --> ErrorException: Undefined variable $all_data_kantor
in APPPATH\Views\table\data_table.php on line 20.
 1 APPPATH\Views\table\data_table.php(20): CodeIgniter\Debug\Exceptions->errorHandler(2, 'Undefined variable $all_data_kantor', 'C:\\xampp\\htdocs\\codenighter\\app\\Views\\table\\data_table.php', 20)
 2 SYSTEMPATH\View\View.php(228): include('C:\\xampp\\htdocs\\codenighter\\app\\Views\\table\\data_table.php')
 3 SYSTEMPATH\View\View.php(231): CodeIgniter\View\View->CodeIgniter\View\{closure}()
 4 SYSTEMPATH\Common.php(1178): CodeIgniter\View\View->render('table/data_table', [], true)
 5 APPPATH\Controllers\Table2.php(31): view('table/data_table')
 6 SYSTEMPATH\CodeIgniter.php(941): App\Controllers\Table2->data_table()
 7 SYSTEMPATH\CodeIgniter.php(502): CodeIgniter\CodeIgniter->runController(Object(App\Controllers\Table2))
 8 SYSTEMPATH\CodeIgniter.php(361): CodeIgniter\CodeIgniter->handleRequest(null, Object(Config\Cache), false)
 9 FCPATH\index.php(79): CodeIgniter\CodeIgniter->run()
10 SYSTEMPATH\Commands\Server\rewrite.php(47): require_once('C:\\xampp\\htdocs\\codenighter\\public\\index.php')
INFO - 2024-05-05 02:51:39 --> Session: Class initialized using 'CodeIgniter\Session\Handlers\FileHandler' driver.
CRITICAL - 2024-05-05 02:51:40 --> ErrorException: Undefined variable $model_data
in APPPATH\Views\table\data_table.php on line 26.
 1 APPPATH\Views\table\data_table.php(26): CodeIgniter\Debug\Exceptions->errorHandler(2, 'Undefined variable $model_data', 'C:\\xampp\\htdocs\\codenighter\\app\\Views\\table\\data_table.php', 26)
 2 SYSTEMPATH\View\View.php(228): include('C:\\xampp\\htdocs\\codenighter\\app\\Views\\table\\data_table.php')
 3 SYSTEMPATH\View\View.php(231): CodeIgniter\View\View->CodeIgniter\View\{closure}()
 4 SYSTEMPATH\Common.php(1178): CodeIgniter\View\View->render('table/data_table', [], true)
 5 APPPATH\Controllers\Table2.php(31): view('table/data_table')
 6 SYSTEMPATH\CodeIgniter.php(941): App\Controllers\Table2->data_table()
 7 SYSTEMPATH\CodeIgniter.php(502): CodeIgniter\CodeIgniter->runController(Object(App\Controllers\Table2))
 8 SYSTEMPATH\CodeIgniter.php(361): CodeIgniter\CodeIgniter->handleRequest(null, Object(Config\Cache), false)
 9 FCPATH\index.php(79): CodeIgniter\CodeIgniter->run()
10 SYSTEMPATH\Commands\Server\rewrite.php(47): require_once('C:\\xampp\\htdocs\\codenighter\\public\\index.php')
INFO - 2024-05-05 02:52:20 --> Session: Class initialized using 'CodeIgniter\Session\Handlers\FileHandler' driver.
CRITICAL - 2024-05-05 02:52:20 --> ErrorException: Undefined variable $model_data
in APPPATH\Views\table\data_table.php on line 26.
 1 APPPATH\Views\table\data_table.php(26): CodeIgniter\Debug\Exceptions->errorHandler(2, 'Undefined variable $model_data', 'C:\\xampp\\htdocs\\codenighter\\app\\Views\\table\\data_table.php', 26)
 2 SYSTEMPATH\View\View.php(228): include('C:\\xampp\\htdocs\\codenighter\\app\\Views\\table\\data_table.php')
 3 SYSTEMPATH\View\View.php(231): CodeIgniter\View\View->CodeIgniter\View\{closure}()
 4 SYSTEMPATH\Common.php(1178): CodeIgniter\View\View->render('table/data_table', [], true)
 5 APPPATH\Controllers\Table2.php(27): view('table/data_table')
 6 SYSTEMPATH\CodeIgniter.php(941): App\Controllers\Table2->data_table()
 7 SYSTEMPATH\CodeIgniter.php(502): CodeIgniter\CodeIgniter->runController(Object(App\Controllers\Table2))
 8 SYSTEMPATH\CodeIgniter.php(361): CodeIgniter\CodeIgniter->handleRequest(null, Object(Config\Cache), false)
 9 FCPATH\index.php(79): CodeIgniter\CodeIgniter->run()
10 SYSTEMPATH\Commands\Server\rewrite.php(47): require_once('C:\\xampp\\htdocs\\codenighter\\public\\index.php')
INFO - 2024-05-05 02:53:01 --> Session: Class initialized using 'CodeIgniter\Session\Handlers\FileHandler' driver.
INFO - 2024-05-05 02:53:04 --> Session: Class initialized using 'CodeIgniter\Session\Handlers\FileHandler' driver.
INFO - 2024-05-05 02:53:23 --> Session: Class initialized using 'CodeIgniter\Session\Handlers\FileHandler' driver.
INFO - 2024-05-05 02:53:26 --> Session: Class initialized using 'CodeIgniter\Session\Handlers\FileHandler' driver.
INFO - 2024-05-05 02:53:29 --> Session: Class initialized using 'CodeIgniter\Session\Handlers\FileHandler' driver.
INFO - 2024-05-05 02:53:32 --> Session: Class initialized using 'CodeIgniter\Session\Handlers\FileHandler' driver.
INFO - 2024-05-05 02:53:58 --> Session: Class initialized using 'CodeIgniter\Session\Handlers\FileHandler' driver.
INFO - 2024-05-05 02:53:59 --> Session: Class initialized using 'CodeIgniter\Session\Handlers\FileHandler' driver.
CRITICAL - 2024-05-05 02:53:59 --> ErrorException: Undefined variable $model_data
in APPPATH\Views\table\data_table.php on line 26.
 1 APPPATH\Views\table\data_table.php(26): CodeIgniter\Debug\Exceptions->errorHandler(2, 'Undefined variable $model_data', 'C:\\xampp\\htdocs\\codenighter\\app\\Views\\table\\data_table.php', 26)
 2 SYSTEMPATH\View\View.php(228): include('C:\\xampp\\htdocs\\codenighter\\app\\Views\\table\\data_table.php')
 3 SYSTEMPATH\View\View.php(231): CodeIgniter\View\View->CodeIgniter\View\{closure}()
 4 SYSTEMPATH\Common.php(1178): CodeIgniter\View\View->render('table/data_table', [], true)
 5 APPPATH\Controllers\Table2.php(27): view('table/data_table')
 6 SYSTEMPATH\CodeIgniter.php(941): App\Controllers\Table2->data_table()
 7 SYSTEMPATH\CodeIgniter.php(502): CodeIgniter\CodeIgniter->runController(Object(App\Controllers\Table2))
 8 SYSTEMPATH\CodeIgniter.php(361): CodeIgniter\CodeIgniter->handleRequest(null, Object(Config\Cache), false)
 9 FCPATH\index.php(79): CodeIgniter\CodeIgniter->run()
10 SYSTEMPATH\Commands\Server\rewrite.php(47): require_once('C:\\xampp\\htdocs\\codenighter\\public\\index.php')
INFO - 2024-05-05 02:54:01 --> Session: Class initialized using 'CodeIgniter\Session\Handlers\FileHandler' driver.
CRITICAL - 2024-05-05 02:54:01 --> ErrorException: Undefined variable $model_data
in APPPATH\Views\table\data_table.php on line 26.
 1 APPPATH\Views\table\data_table.php(26): CodeIgniter\Debug\Exceptions->errorHandler(2, 'Undefined variable $model_data', 'C:\\xampp\\htdocs\\codenighter\\app\\Views\\table\\data_table.php', 26)
 2 SYSTEMPATH\View\View.php(228): include('C:\\xampp\\htdocs\\codenighter\\app\\Views\\table\\data_table.php')
 3 SYSTEMPATH\View\View.php(231): CodeIgniter\View\View->CodeIgniter\View\{closure}()
 4 SYSTEMPATH\Common.php(1178): CodeIgniter\View\View->render('table/data_table', [], true)
 5 APPPATH\Controllers\Table2.php(27): view('table/data_table')
 6 SYSTEMPATH\CodeIgniter.php(941): App\Controllers\Table2->data_table()
 7 SYSTEMPATH\CodeIgniter.php(502): CodeIgniter\CodeIgniter->runController(Object(App\Controllers\Table2))
 8 SYSTEMPATH\CodeIgniter.php(361): CodeIgniter\CodeIgniter->handleRequest(null, Object(Config\Cache), false)
 9 FCPATH\index.php(79): CodeIgniter\CodeIgniter->run()
10 SYSTEMPATH\Commands\Server\rewrite.php(47): require_once('C:\\xampp\\htdocs\\codenighter\\public\\index.php')
INFO - 2024-05-05 02:57:29 --> Session: Class initialized using 'CodeIgniter\Session\Handlers\FileHandler' driver.
CRITICAL - 2024-05-05 02:57:29 --> ErrorException: Undefined variable $model_data
in APPPATH\Views\table\data_table.php on line 26.
 1 APPPATH\Views\table\data_table.php(26): CodeIgniter\Debug\Exceptions->errorHandler(2, 'Undefined variable $model_data', 'C:\\xampp\\htdocs\\codenighter\\app\\Views\\table\\data_table.php', 26)
 2 SYSTEMPATH\View\View.php(228): include('C:\\xampp\\htdocs\\codenighter\\app\\Views\\table\\data_table.php')
 3 SYSTEMPATH\View\View.php(231): CodeIgniter\View\View->CodeIgniter\View\{closure}()
 4 SYSTEMPATH\Common.php(1178): CodeIgniter\View\View->render('table/data_table', [], true)
 5 APPPATH\Controllers\Table2.php(28): view('table/data_table')
 6 SYSTEMPATH\CodeIgniter.php(941): App\Controllers\Table2->data_table()
 7 SYSTEMPATH\CodeIgniter.php(502): CodeIgniter\CodeIgniter->runController(Object(App\Controllers\Table2))
 8 SYSTEMPATH\CodeIgniter.php(361): CodeIgniter\CodeIgniter->handleRequest(null, Object(Config\Cache), false)
 9 FCPATH\index.php(79): CodeIgniter\CodeIgniter->run()
10 SYSTEMPATH\Commands\Server\rewrite.php(47): require_once('C:\\xampp\\htdocs\\codenighter\\public\\index.php')
INFO - 2024-05-05 02:57:31 --> Session: Class initialized using 'CodeIgniter\Session\Handlers\FileHandler' driver.
CRITICAL - 2024-05-05 02:57:31 --> ErrorException: Undefined variable $model_data
in APPPATH\Views\table\data_table.php on line 26.
 1 APPPATH\Views\table\data_table.php(26): CodeIgniter\Debug\Exceptions->errorHandler(2, 'Undefined variable $model_data', 'C:\\xampp\\htdocs\\codenighter\\app\\Views\\table\\data_table.php', 26)
 2 SYSTEMPATH\View\View.php(228): include('C:\\xampp\\htdocs\\codenighter\\app\\Views\\table\\data_table.php')
 3 SYSTEMPATH\View\View.php(231): CodeIgniter\View\View->CodeIgniter\View\{closure}()
 4 SYSTEMPATH\Common.php(1178): CodeIgniter\View\View->render('table/data_table', [], true)
 5 APPPATH\Controllers\Table2.php(28): view('table/data_table')
 6 SYSTEMPATH\CodeIgniter.php(941): App\Controllers\Table2->data_table()
 7 SYSTEMPATH\CodeIgniter.php(502): CodeIgniter\CodeIgniter->runController(Object(App\Controllers\Table2))
 8 SYSTEMPATH\CodeIgniter.php(361): CodeIgniter\CodeIgniter->handleRequest(null, Object(Config\Cache), false)
 9 FCPATH\index.php(79): CodeIgniter\CodeIgniter->run()
10 SYSTEMPATH\Commands\Server\rewrite.php(47): require_once('C:\\xampp\\htdocs\\codenighter\\public\\index.php')
INFO - 2024-05-05 02:58:54 --> Session: Class initialized using 'CodeIgniter\Session\Handlers\FileHandler' driver.
CRITICAL - 2024-05-05 02:58:54 --> ErrorException: Undefined variable $model_data
in APPPATH\Views\table\data_table.php on line 26.
 1 APPPATH\Views\table\data_table.php(26): CodeIgniter\Debug\Exceptions->errorHandler(2, 'Undefined variable $model_data', 'C:\\xampp\\htdocs\\codenighter\\app\\Views\\table\\data_table.php', 26)
 2 SYSTEMPATH\View\View.php(228): include('C:\\xampp\\htdocs\\codenighter\\app\\Views\\table\\data_table.php')
 3 SYSTEMPATH\View\View.php(231): CodeIgniter\View\View->CodeIgniter\View\{closure}()
 4 SYSTEMPATH\Common.php(1178): CodeIgniter\View\View->render('table/data_table', [], true)
 5 APPPATH\Controllers\Table2.php(28): view('table/data_table')
 6 SYSTEMPATH\CodeIgniter.php(941): App\Controllers\Table2->data_table()
 7 SYSTEMPATH\CodeIgniter.php(502): CodeIgniter\CodeIgniter->runController(Object(App\Controllers\Table2))
 8 SYSTEMPATH\CodeIgniter.php(361): CodeIgniter\CodeIgniter->handleRequest(null, Object(Config\Cache), false)
 9 FCPATH\index.php(79): CodeIgniter\CodeIgniter->run()
10 SYSTEMPATH\Commands\Server\rewrite.php(47): require_once('C:\\xampp\\htdocs\\codenighter\\public\\index.php')
INFO - 2024-05-05 02:59:06 --> Session: Class initialized using 'CodeIgniter\Session\Handlers\FileHandler' driver.
CRITICAL - 2024-05-05 02:59:06 --> ErrorException: Undefined variable $model_data
in APPPATH\Views\table\data_table.php on line 26.
 1 APPPATH\Views\table\data_table.php(26): CodeIgniter\Debug\Exceptions->errorHandler(2, 'Undefined variable $model_data', 'C:\\xampp\\htdocs\\codenighter\\app\\Views\\table\\data_table.php', 26)
 2 SYSTEMPATH\View\View.php(228): include('C:\\xampp\\htdocs\\codenighter\\app\\Views\\table\\data_table.php')
 3 SYSTEMPATH\View\View.php(231): CodeIgniter\View\View->CodeIgniter\View\{closure}()
 4 SYSTEMPATH\Common.php(1178): CodeIgniter\View\View->render('table/data_table', [], true)
 5 APPPATH\Controllers\Table2.php(28): view('table/data_table')
 6 SYSTEMPATH\CodeIgniter.php(941): App\Controllers\Table2->data_table()
 7 SYSTEMPATH\CodeIgniter.php(502): CodeIgniter\CodeIgniter->runController(Object(App\Controllers\Table2))
 8 SYSTEMPATH\CodeIgniter.php(361): CodeIgniter\CodeIgniter->handleRequest(null, Object(Config\Cache), false)
 9 FCPATH\index.php(79): CodeIgniter\CodeIgniter->run()
10 SYSTEMPATH\Commands\Server\rewrite.php(47): require_once('C:\\xampp\\htdocs\\codenighter\\public\\index.php')
INFO - 2024-05-05 03:05:51 --> Session: Class initialized using 'CodeIgniter\Session\Handlers\FileHandler' driver.
CRITICAL - 2024-05-05 03:05:51 --> ErrorException: Undefined variable $model_data
in APPPATH\Views\table\data_table.php on line 26.
 1 APPPATH\Views\table\data_table.php(26): CodeIgniter\Debug\Exceptions->errorHandler(2, 'Undefined variable $model_data', 'C:\\xampp\\htdocs\\codenighter\\app\\Views\\table\\data_table.php', 26)
 2 SYSTEMPATH\View\View.php(228): include('C:\\xampp\\htdocs\\codenighter\\app\\Views\\table\\data_table.php')
 3 SYSTEMPATH\View\View.php(231): CodeIgniter\View\View->CodeIgniter\View\{closure}()
 4 SYSTEMPATH\Common.php(1178): CodeIgniter\View\View->render('table/data_table', [], true)
 5 APPPATH\Controllers\Table2.php(28): view('table/data_table')
 6 SYSTEMPATH\CodeIgniter.php(941): App\Controllers\Table2->data_table()
 7 SYSTEMPATH\CodeIgniter.php(502): CodeIgniter\CodeIgniter->runController(Object(App\Controllers\Table2))
 8 SYSTEMPATH\CodeIgniter.php(361): CodeIgniter\CodeIgniter->handleRequest(null, Object(Config\Cache), false)
 9 FCPATH\index.php(79): CodeIgniter\CodeIgniter->run()
10 SYSTEMPATH\Commands\Server\rewrite.php(47): require_once('C:\\xampp\\htdocs\\codenighter\\public\\index.php')
INFO - 2024-05-05 03:11:08 --> Session: Class initialized using 'CodeIgniter\Session\Handlers\FileHandler' driver.
CRITICAL - 2024-05-05 03:11:08 --> ErrorException: Undefined variable $model_data
in APPPATH\Views\table\data_table.php on line 26.
 1 APPPATH\Views\table\data_table.php(26): CodeIgniter\Debug\Exceptions->errorHandler(2, 'Undefined variable $model_data', 'C:\\xampp\\htdocs\\codenighter\\app\\Views\\table\\data_table.php', 26)
 2 SYSTEMPATH\View\View.php(228): include('C:\\xampp\\htdocs\\codenighter\\app\\Views\\table\\data_table.php')
 3 SYSTEMPATH\View\View.php(231): CodeIgniter\View\View->CodeIgniter\View\{closure}()
 4 SYSTEMPATH\Common.php(1178): CodeIgniter\View\View->render('table/data_table', [], true)
 5 APPPATH\Controllers\Table2.php(28): view('table/data_table')
 6 SYSTEMPATH\CodeIgniter.php(941): App\Controllers\Table2->data_table()
 7 SYSTEMPATH\CodeIgniter.php(502): CodeIgniter\CodeIgniter->runController(Object(App\Controllers\Table2))
 8 SYSTEMPATH\CodeIgniter.php(361): CodeIgniter\CodeIgniter->handleRequest(null, Object(Config\Cache), false)
 9 FCPATH\index.php(79): CodeIgniter\CodeIgniter->run()
10 SYSTEMPATH\Commands\Server\rewrite.php(47): require_once('C:\\xampp\\htdocs\\codenighter\\public\\index.php')
INFO - 2024-05-05 03:44:49 --> Session: Class initialized using 'CodeIgniter\Session\Handlers\FileHandler' driver.
CRITICAL - 2024-05-05 03:44:49 --> ErrorException: Undefined variable $model_data
in APPPATH\Views\table\data_table.php on line 26.
 1 APPPATH\Views\table\data_table.php(26): CodeIgniter\Debug\Exceptions->errorHandler(2, 'Undefined variable $model_data', 'C:\\xampp\\htdocs\\codenighter\\app\\Views\\table\\data_table.php', 26)
 2 SYSTEMPATH\View\View.php(228): include('C:\\xampp\\htdocs\\codenighter\\app\\Views\\table\\data_table.php')
 3 SYSTEMPATH\View\View.php(231): CodeIgniter\View\View->CodeIgniter\View\{closure}()
 4 SYSTEMPATH\Common.php(1178): CodeIgniter\View\View->render('table/data_table', [], true)
 5 APPPATH\Controllers\Table2.php(28): view('table/data_table')
 6 SYSTEMPATH\CodeIgniter.php(941): App\Controllers\Table2->data_table()
 7 SYSTEMPATH\CodeIgniter.php(502): CodeIgniter\CodeIgniter->runController(Object(App\Controllers\Table2))
 8 SYSTEMPATH\CodeIgniter.php(361): CodeIgniter\CodeIgniter->handleRequest(null, Object(Config\Cache), false)
 9 FCPATH\index.php(79): CodeIgniter\CodeIgniter->run()
10 SYSTEMPATH\Commands\Server\rewrite.php(47): require_once('C:\\xampp\\htdocs\\codenighter\\public\\index.php')
INFO - 2024-05-05 03:45:43 --> Session: Class initialized using 'CodeIgniter\Session\Handlers\FileHandler' driver.
CRITICAL - 2024-05-05 03:45:43 --> ErrorException: Undefined variable $model_data
in APPPATH\Views\table\data_table.php on line 26.
 1 APPPATH\Views\table\data_table.php(26): CodeIgniter\Debug\Exceptions->errorHandler(2, 'Undefined variable $model_data', 'C:\\xampp\\htdocs\\codenighter\\app\\Views\\table\\data_table.php', 26)
 2 SYSTEMPATH\View\View.php(228): include('C:\\xampp\\htdocs\\codenighter\\app\\Views\\table\\data_table.php')
 3 SYSTEMPATH\View\View.php(231): CodeIgniter\View\View->CodeIgniter\View\{closure}()
 4 SYSTEMPATH\Common.php(1178): CodeIgniter\View\View->render('table/data_table', [], true)
 5 APPPATH\Controllers\Table2.php(28): view('table/data_table')
 6 SYSTEMPATH\CodeIgniter.php(941): App\Controllers\Table2->data_table()
 7 SYSTEMPATH\CodeIgniter.php(502): CodeIgniter\CodeIgniter->runController(Object(App\Controllers\Table2))
 8 SYSTEMPATH\CodeIgniter.php(361): CodeIgniter\CodeIgniter->handleRequest(null, Object(Config\Cache), false)
 9 FCPATH\index.php(79): CodeIgniter\CodeIgniter->run()
10 SYSTEMPATH\Commands\Server\rewrite.php(47): require_once('C:\\xampp\\htdocs\\codenighter\\public\\index.php')
INFO - 2024-05-05 03:58:20 --> Session: Class initialized using 'CodeIgniter\Session\Handlers\FileHandler' driver.
CRITICAL - 2024-05-05 03:58:21 --> ErrorException: Undefined variable $all_model_data
in APPPATH\Views\table\data_table.php on line 26.
 1 APPPATH\Views\table\data_table.php(26): CodeIgniter\Debug\Exceptions->errorHandler(2, 'Undefined variable $all_model_data', 'C:\\xampp\\htdocs\\codenighter\\app\\Views\\table\\data_table.php', 26)
 2 SYSTEMPATH\View\View.php(228): include('C:\\xampp\\htdocs\\codenighter\\app\\Views\\table\\data_table.php')
 3 SYSTEMPATH\View\View.php(231): CodeIgniter\View\View->CodeIgniter\View\{closure}()
 4 SYSTEMPATH\Common.php(1178): CodeIgniter\View\View->render('table/data_table', [], true)
 5 APPPATH\Controllers\Table2.php(28): view('table/data_table')
 6 SYSTEMPATH\CodeIgniter.php(941): App\Controllers\Table2->data_table()
 7 SYSTEMPATH\CodeIgniter.php(502): CodeIgniter\CodeIgniter->runController(Object(App\Controllers\Table2))
 8 SYSTEMPATH\CodeIgniter.php(361): CodeIgniter\CodeIgniter->handleRequest(null, Object(Config\Cache), false)
 9 FCPATH\index.php(79): CodeIgniter\CodeIgniter->run()
10 SYSTEMPATH\Commands\Server\rewrite.php(47): require_once('C:\\xampp\\htdocs\\codenighter\\public\\index.php')
INFO - 2024-05-05 04:02:09 --> Session: Class initialized using 'CodeIgniter\Session\Handlers\FileHandler' driver.
CRITICAL - 2024-05-05 04:02:09 --> ErrorException: Undefined variable $post
in APPPATH\Views\table\data_table.php on line 24.
 1 APPPATH\Views\table\data_table.php(24): CodeIgniter\Debug\Exceptions->errorHandler(2, 'Undefined variable $post', 'C:\\xampp\\htdocs\\codenighter\\app\\Views\\table\\data_table.php', 24)
 2 SYSTEMPATH\View\View.php(228): include('C:\\xampp\\htdocs\\codenighter\\app\\Views\\table\\data_table.php')
 3 SYSTEMPATH\View\View.php(231): CodeIgniter\View\View->CodeIgniter\View\{closure}()
 4 SYSTEMPATH\Common.php(1178): CodeIgniter\View\View->render('table/data_table', [], true)
 5 APPPATH\Controllers\Table2.php(28): view('table/data_table')
 6 SYSTEMPATH\CodeIgniter.php(941): App\Controllers\Table2->data_table()
 7 SYSTEMPATH\CodeIgniter.php(502): CodeIgniter\CodeIgniter->runController(Object(App\Controllers\Table2))
 8 SYSTEMPATH\CodeIgniter.php(361): CodeIgniter\CodeIgniter->handleRequest(null, Object(Config\Cache), false)
 9 FCPATH\index.php(79): CodeIgniter\CodeIgniter->run()
10 SYSTEMPATH\Commands\Server\rewrite.php(47): require_once('C:\\xampp\\htdocs\\codenighter\\public\\index.php')
INFO - 2024-05-05 04:02:55 --> Session: Class initialized using 'CodeIgniter\Session\Handlers\FileHandler' driver.
CRITICAL - 2024-05-05 04:02:55 --> ErrorException: Undefined variable $all_model_data
in APPPATH\Views\table\data_table.php on line 24.
 1 APPPATH\Views\table\data_table.php(24): CodeIgniter\Debug\Exceptions->errorHandler(2, 'Undefined variable $all_model_data', 'C:\\xampp\\htdocs\\codenighter\\app\\Views\\table\\data_table.php', 24)
 2 SYSTEMPATH\View\View.php(228): include('C:\\xampp\\htdocs\\codenighter\\app\\Views\\table\\data_table.php')
 3 SYSTEMPATH\View\View.php(231): CodeIgniter\View\View->CodeIgniter\View\{closure}()
 4 SYSTEMPATH\Common.php(1178): CodeIgniter\View\View->render('table/data_table', [], true)
 5 APPPATH\Controllers\Table2.php(28): view('table/data_table')
 6 SYSTEMPATH\CodeIgniter.php(941): App\Controllers\Table2->data_table()
 7 SYSTEMPATH\CodeIgniter.php(502): CodeIgniter\CodeIgniter->runController(Object(App\Controllers\Table2))
 8 SYSTEMPATH\CodeIgniter.php(361): CodeIgniter\CodeIgniter->handleRequest(null, Object(Config\Cache), false)
 9 FCPATH\index.php(79): CodeIgniter\CodeIgniter->run()
10 SYSTEMPATH\Commands\Server\rewrite.php(47): require_once('C:\\xampp\\htdocs\\codenighter\\public\\index.php')
INFO - 2024-05-05 04:03:30 --> Session: Class initialized using 'CodeIgniter\Session\Handlers\FileHandler' driver.
CRITICAL - 2024-05-05 04:03:30 --> ErrorException: Undefined variable $all_model_data
in APPPATH\Views\table\data_table.php on line 24.
 1 APPPATH\Views\table\data_table.php(24): CodeIgniter\Debug\Exceptions->errorHandler(2, 'Undefined variable $all_model_data', 'C:\\xampp\\htdocs\\codenighter\\app\\Views\\table\\data_table.php', 24)
 2 SYSTEMPATH\View\View.php(228): include('C:\\xampp\\htdocs\\codenighter\\app\\Views\\table\\data_table.php')
 3 SYSTEMPATH\View\View.php(231): CodeIgniter\View\View->CodeIgniter\View\{closure}()
 4 SYSTEMPATH\Common.php(1178): CodeIgniter\View\View->render('table/data_table', [], true)
 5 APPPATH\Controllers\Table2.php(28): view('table/data_table')
 6 SYSTEMPATH\CodeIgniter.php(941): App\Controllers\Table2->data_table()
 7 SYSTEMPATH\CodeIgniter.php(502): CodeIgniter\CodeIgniter->runController(Object(App\Controllers\Table2))
 8 SYSTEMPATH\CodeIgniter.php(361): CodeIgniter\CodeIgniter->handleRequest(null, Object(Config\Cache), false)
 9 FCPATH\index.php(79): CodeIgniter\CodeIgniter->run()
10 SYSTEMPATH\Commands\Server\rewrite.php(47): require_once('C:\\xampp\\htdocs\\codenighter\\public\\index.php')
INFO - 2024-05-05 04:04:38 --> Session: Class initialized using 'CodeIgniter\Session\Handlers\FileHandler' driver.
CRITICAL - 2024-05-05 04:04:38 --> ErrorException: Undefined variable $all_model_data
in APPPATH\Views\table\data_table.php on line 24.
 1 APPPATH\Views\table\data_table.php(24): CodeIgniter\Debug\Exceptions->errorHandler(2, 'Undefined variable $all_model_data', 'C:\\xampp\\htdocs\\codenighter\\app\\Views\\table\\data_table.php', 24)
 2 SYSTEMPATH\View\View.php(228): include('C:\\xampp\\htdocs\\codenighter\\app\\Views\\table\\data_table.php')
 3 SYSTEMPATH\View\View.php(231): CodeIgniter\View\View->CodeIgniter\View\{closure}()
 4 SYSTEMPATH\Common.php(1178): CodeIgniter\View\View->render('table/data_table', [], true)
 5 APPPATH\Controllers\Table2.php(28): view('table/data_table')
 6 SYSTEMPATH\CodeIgniter.php(941): App\Controllers\Table2->data_table()
 7 SYSTEMPATH\CodeIgniter.php(502): CodeIgniter\CodeIgniter->runController(Object(App\Controllers\Table2))
 8 SYSTEMPATH\CodeIgniter.php(361): CodeIgniter\CodeIgniter->handleRequest(null, Object(Config\Cache), false)
 9 FCPATH\index.php(79): CodeIgniter\CodeIgniter->run()
10 SYSTEMPATH\Commands\Server\rewrite.php(47): require_once('C:\\xampp\\htdocs\\codenighter\\public\\index.php')
INFO - 2024-05-05 04:06:36 --> Session: Class initialized using 'CodeIgniter\Session\Handlers\FileHandler' driver.
CRITICAL - 2024-05-05 04:06:36 --> ErrorException: Undefined variable $all_model_data
in APPPATH\Views\table\data_table.php on line 24.
 1 APPPATH\Views\table\data_table.php(24): CodeIgniter\Debug\Exceptions->errorHandler(2, 'Undefined variable $all_model_data', 'C:\\xampp\\htdocs\\codenighter\\app\\Views\\table\\data_table.php', 24)
 2 SYSTEMPATH\View\View.php(228): include('C:\\xampp\\htdocs\\codenighter\\app\\Views\\table\\data_table.php')
 3 SYSTEMPATH\View\View.php(231): CodeIgniter\View\View->CodeIgniter\View\{closure}()
 4 SYSTEMPATH\Common.php(1178): CodeIgniter\View\View->render('table/data_table', [], true)
 5 APPPATH\Controllers\Table2.php(28): view('table/data_table')
 6 SYSTEMPATH\CodeIgniter.php(941): App\Controllers\Table2->data_table()
 7 SYSTEMPATH\CodeIgniter.php(502): CodeIgniter\CodeIgniter->runController(Object(App\Controllers\Table2))
 8 SYSTEMPATH\CodeIgniter.php(361): CodeIgniter\CodeIgniter->handleRequest(null, Object(Config\Cache), false)
 9 FCPATH\index.php(79): CodeIgniter\CodeIgniter->run()
10 SYSTEMPATH\Commands\Server\rewrite.php(47): require_once('C:\\xampp\\htdocs\\codenighter\\public\\index.php')
INFO - 2024-05-05 04:07:04 --> Session: Class initialized using 'CodeIgniter\Session\Handlers\FileHandler' driver.
INFO - 2024-05-05 04:10:18 --> Session: Class initialized using 'CodeIgniter\Session\Handlers\FileHandler' driver.
CRITICAL - 2024-05-05 04:10:18 --> ErrorException: Undefined variable $all_model_data
in APPPATH\Views\table\data_table.php on line 26.
 1 APPPATH\Views\table\data_table.php(26): CodeIgniter\Debug\Exceptions->errorHandler(2, 'Undefined variable $all_model_data', 'C:\\xampp\\htdocs\\codenighter\\app\\Views\\table\\data_table.php', 26)
 2 SYSTEMPATH\View\View.php(228): include('C:\\xampp\\htdocs\\codenighter\\app\\Views\\table\\data_table.php')
 3 SYSTEMPATH\View\View.php(231): CodeIgniter\View\View->CodeIgniter\View\{closure}()
 4 SYSTEMPATH\Common.php(1178): CodeIgniter\View\View->render('table/data_table', [], true)
 5 APPPATH\Controllers\Table2.php(28): view('table/data_table')
 6 SYSTEMPATH\CodeIgniter.php(941): App\Controllers\Table2->data_table()
 7 SYSTEMPATH\CodeIgniter.php(502): CodeIgniter\CodeIgniter->runController(Object(App\Controllers\Table2))
 8 SYSTEMPATH\CodeIgniter.php(361): CodeIgniter\CodeIgniter->handleRequest(null, Object(Config\Cache), false)
 9 FCPATH\index.php(79): CodeIgniter\CodeIgniter->run()
10 SYSTEMPATH\Commands\Server\rewrite.php(47): require_once('C:\\xampp\\htdocs\\codenighter\\public\\index.php')
INFO - 2024-05-05 04:10:31 --> Session: Class initialized using 'CodeIgniter\Session\Handlers\FileHandler' driver.
CRITICAL - 2024-05-05 04:10:31 --> ErrorException: Undefined variable $all_model_data
in APPPATH\Views\table\data_table.php on line 26.
 1 APPPATH\Views\table\data_table.php(26): CodeIgniter\Debug\Exceptions->errorHandler(2, 'Undefined variable $all_model_data', 'C:\\xampp\\htdocs\\codenighter\\app\\Views\\table\\data_table.php', 26)
 2 SYSTEMPATH\View\View.php(228): include('C:\\xampp\\htdocs\\codenighter\\app\\Views\\table\\data_table.php')
 3 SYSTEMPATH\View\View.php(231): CodeIgniter\View\View->CodeIgniter\View\{closure}()
 4 SYSTEMPATH\Common.php(1178): CodeIgniter\View\View->render('table/data_table', [], true)
 5 APPPATH\Controllers\Table2.php(28): view('table/data_table')
 6 SYSTEMPATH\CodeIgniter.php(941): App\Controllers\Table2->data_table()
 7 SYSTEMPATH\CodeIgniter.php(502): CodeIgniter\CodeIgniter->runController(Object(App\Controllers\Table2))
 8 SYSTEMPATH\CodeIgniter.php(361): CodeIgniter\CodeIgniter->handleRequest(null, Object(Config\Cache), false)
 9 FCPATH\index.php(79): CodeIgniter\CodeIgniter->run()
10 SYSTEMPATH\Commands\Server\rewrite.php(47): require_once('C:\\xampp\\htdocs\\codenighter\\public\\index.php')
INFO - 2024-05-05 04:10:35 --> Session: Class initialized using 'CodeIgniter\Session\Handlers\FileHandler' driver.
CRITICAL - 2024-05-05 04:10:35 --> ErrorException: Undefined variable $all_model_data
in APPPATH\Views\table\data_table.php on line 26.
 1 APPPATH\Views\table\data_table.php(26): CodeIgniter\Debug\Exceptions->errorHandler(2, 'Undefined variable $all_model_data', 'C:\\xampp\\htdocs\\codenighter\\app\\Views\\table\\data_table.php', 26)
 2 SYSTEMPATH\View\View.php(228): include('C:\\xampp\\htdocs\\codenighter\\app\\Views\\table\\data_table.php')
 3 SYSTEMPATH\View\View.php(231): CodeIgniter\View\View->CodeIgniter\View\{closure}()
 4 SYSTEMPATH\Common.php(1178): CodeIgniter\View\View->render('table/data_table', [], true)
 5 APPPATH\Controllers\Table2.php(28): view('table/data_table')
 6 SYSTEMPATH\CodeIgniter.php(941): App\Controllers\Table2->data_table()
 7 SYSTEMPATH\CodeIgniter.php(502): CodeIgniter\CodeIgniter->runController(Object(App\Controllers\Table2))
 8 SYSTEMPATH\CodeIgniter.php(361): CodeIgniter\CodeIgniter->handleRequest(null, Object(Config\Cache), false)
 9 FCPATH\index.php(79): CodeIgniter\CodeIgniter->run()
10 SYSTEMPATH\Commands\Server\rewrite.php(47): require_once('C:\\xampp\\htdocs\\codenighter\\public\\index.php')
INFO - 2024-05-05 04:10:48 --> Session: Class initialized using 'CodeIgniter\Session\Handlers\FileHandler' driver.
CRITICAL - 2024-05-05 04:10:48 --> ErrorException: Undefined variable $all_model_data
in APPPATH\Views\table\data_table.php on line 27.
 1 APPPATH\Views\table\data_table.php(27): CodeIgniter\Debug\Exceptions->errorHandler(2, 'Undefined variable $all_model_data', 'C:\\xampp\\htdocs\\codenighter\\app\\Views\\table\\data_table.php', 27)
 2 SYSTEMPATH\View\View.php(228): include('C:\\xampp\\htdocs\\codenighter\\app\\Views\\table\\data_table.php')
 3 SYSTEMPATH\View\View.php(231): CodeIgniter\View\View->CodeIgniter\View\{closure}()
 4 SYSTEMPATH\Common.php(1178): CodeIgniter\View\View->render('table/data_table', [], true)
 5 APPPATH\Controllers\Table2.php(28): view('table/data_table')
 6 SYSTEMPATH\CodeIgniter.php(941): App\Controllers\Table2->data_table()
 7 SYSTEMPATH\CodeIgniter.php(502): CodeIgniter\CodeIgniter->runController(Object(App\Controllers\Table2))
 8 SYSTEMPATH\CodeIgniter.php(361): CodeIgniter\CodeIgniter->handleRequest(null, Object(Config\Cache), false)
 9 FCPATH\index.php(79): CodeIgniter\CodeIgniter->run()
10 SYSTEMPATH\Commands\Server\rewrite.php(47): require_once('C:\\xampp\\htdocs\\codenighter\\public\\index.php')
INFO - 2024-05-05 04:11:01 --> Session: Class initialized using 'CodeIgniter\Session\Handlers\FileHandler' driver.
CRITICAL - 2024-05-05 04:11:01 --> ErrorException: Undefined variable $all_model_data
in APPPATH\Views\table\data_table.php on line 26.
 1 APPPATH\Views\table\data_table.php(26): CodeIgniter\Debug\Exceptions->errorHandler(2, 'Undefined variable $all_model_data', 'C:\\xampp\\htdocs\\codenighter\\app\\Views\\table\\data_table.php', 26)
 2 SYSTEMPATH\View\View.php(228): include('C:\\xampp\\htdocs\\codenighter\\app\\Views\\table\\data_table.php')
 3 SYSTEMPATH\View\View.php(231): CodeIgniter\View\View->CodeIgniter\View\{closure}()
 4 SYSTEMPATH\Common.php(1178): CodeIgniter\View\View->render('table/data_table', [], true)
 5 APPPATH\Controllers\Table2.php(28): view('table/data_table')
 6 SYSTEMPATH\CodeIgniter.php(941): App\Controllers\Table2->data_table()
 7 SYSTEMPATH\CodeIgniter.php(502): CodeIgniter\CodeIgniter->runController(Object(App\Controllers\Table2))
 8 SYSTEMPATH\CodeIgniter.php(361): CodeIgniter\CodeIgniter->handleRequest(null, Object(Config\Cache), false)
 9 FCPATH\index.php(79): CodeIgniter\CodeIgniter->run()
10 SYSTEMPATH\Commands\Server\rewrite.php(47): require_once('C:\\xampp\\htdocs\\codenighter\\public\\index.php')
INFO - 2024-05-05 04:14:15 --> Session: Class initialized using 'CodeIgniter\Session\Handlers\FileHandler' driver.
CRITICAL - 2024-05-05 04:14:15 --> ErrorException: Undefined variable $all_model_data
in APPPATH\Views\table\data_table.php on line 26.
 1 APPPATH\Views\table\data_table.php(26): CodeIgniter\Debug\Exceptions->errorHandler(2, 'Undefined variable $all_model_data', 'C:\\xampp\\htdocs\\codenighter\\app\\Views\\table\\data_table.php', 26)
 2 SYSTEMPATH\View\View.php(228): include('C:\\xampp\\htdocs\\codenighter\\app\\Views\\table\\data_table.php')
 3 SYSTEMPATH\View\View.php(231): CodeIgniter\View\View->CodeIgniter\View\{closure}()
 4 SYSTEMPATH\Common.php(1178): CodeIgniter\View\View->render('table/data_table', [], true)
 5 APPPATH\Controllers\Table2.php(28): view('table/data_table')
 6 SYSTEMPATH\CodeIgniter.php(941): App\Controllers\Table2->data_table()
 7 SYSTEMPATH\CodeIgniter.php(502): CodeIgniter\CodeIgniter->runController(Object(App\Controllers\Table2))
 8 SYSTEMPATH\CodeIgniter.php(361): CodeIgniter\CodeIgniter->handleRequest(null, Object(Config\Cache), false)
 9 FCPATH\index.php(79): CodeIgniter\CodeIgniter->run()
10 SYSTEMPATH\Commands\Server\rewrite.php(47): require_once('C:\\xampp\\htdocs\\codenighter\\public\\index.php')
INFO - 2024-05-05 04:16:19 --> Session: Class initialized using 'CodeIgniter\Session\Handlers\FileHandler' driver.
CRITICAL - 2024-05-05 04:16:19 --> ErrorException: Undefined variable $all_data_kantor
in APPPATH\Views\data\kelas.php on line 36.
 1 APPPATH\Views\data\kelas.php(36): CodeIgniter\Debug\Exceptions->errorHandler(2, 'Undefined variable $all_data_kantor', 'C:\\xampp\\htdocs\\codenighter\\app\\Views\\data\\kelas.php', 36)
 2 SYSTEMPATH\View\View.php(228): include('C:\\xampp\\htdocs\\codenighter\\app\\Views\\data\\kelas.php')
 3 SYSTEMPATH\View\View.php(231): CodeIgniter\View\View->CodeIgniter\View\{closure}()
 4 SYSTEMPATH\Common.php(1178): CodeIgniter\View\View->render('data/kelas', [], true)
 5 APPPATH\Controllers\Table2.php(29): view('data/kelas')
 6 SYSTEMPATH\CodeIgniter.php(941): App\Controllers\Table2->data_table()
 7 SYSTEMPATH\CodeIgniter.php(502): CodeIgniter\CodeIgniter->runController(Object(App\Controllers\Table2))
 8 SYSTEMPATH\CodeIgniter.php(361): CodeIgniter\CodeIgniter->handleRequest(null, Object(Config\Cache), false)
 9 FCPATH\index.php(79): CodeIgniter\CodeIgniter->run()
10 SYSTEMPATH\Commands\Server\rewrite.php(47): require_once('C:\\xampp\\htdocs\\codenighter\\public\\index.php')
INFO - 2024-05-05 04:17:12 --> Session: Class initialized using 'CodeIgniter\Session\Handlers\FileHandler' driver.
CRITICAL - 2024-05-05 04:17:12 --> ErrorException: Undefined variable $all_model_data
in APPPATH\Views\table\data_table.php on line 26.
 1 APPPATH\Views\table\data_table.php(26): CodeIgniter\Debug\Exceptions->errorHandler(2, 'Undefined variable $all_model_data', 'C:\\xampp\\htdocs\\codenighter\\app\\Views\\table\\data_table.php', 26)
 2 SYSTEMPATH\View\View.php(228): include('C:\\xampp\\htdocs\\codenighter\\app\\Views\\table\\data_table.php')
 3 SYSTEMPATH\View\View.php(231): CodeIgniter\View\View->CodeIgniter\View\{closure}()
 4 SYSTEMPATH\Common.php(1178): CodeIgniter\View\View->render('table/data_table', [], true)
 5 APPPATH\Controllers\Table2.php(29): view('table/data_table')
 6 SYSTEMPATH\CodeIgniter.php(941): App\Controllers\Table2->data_table()
 7 SYSTEMPATH\CodeIgniter.php(502): CodeIgniter\CodeIgniter->runController(Object(App\Controllers\Table2))
 8 SYSTEMPATH\CodeIgniter.php(361): CodeIgniter\CodeIgniter->handleRequest(null, Object(Config\Cache), false)
 9 FCPATH\index.php(79): CodeIgniter\CodeIgniter->run()
10 SYSTEMPATH\Commands\Server\rewrite.php(47): require_once('C:\\xampp\\htdocs\\codenighter\\public\\index.php')
INFO - 2024-05-05 04:17:26 --> Session: Class initialized using 'CodeIgniter\Session\Handlers\FileHandler' driver.
INFO - 2024-05-05 04:17:29 --> Session: Class initialized using 'CodeIgniter\Session\Handlers\FileHandler' driver.
INFO - 2024-05-05 04:17:31 --> Session: Class initialized using 'CodeIgniter\Session\Handlers\FileHandler' driver.
INFO - 2024-05-05 04:23:37 --> Session: Class initialized using 'CodeIgniter\Session\Handlers\FileHandler' driver.
CRITICAL - 2024-05-05 04:23:37 --> ErrorException: Undefined variable $all_model_data
in APPPATH\Views\table\data_table.php on line 25.
 1 APPPATH\Views\table\data_table.php(25): CodeIgniter\Debug\Exceptions->errorHandler(2, 'Undefined variable $all_model_data', 'C:\\xampp\\htdocs\\codenighter\\app\\Views\\table\\data_table.php', 25)
 2 SYSTEMPATH\View\View.php(228): include('C:\\xampp\\htdocs\\codenighter\\app\\Views\\table\\data_table.php')
 3 SYSTEMPATH\View\View.php(231): CodeIgniter\View\View->CodeIgniter\View\{closure}()
 4 SYSTEMPATH\Common.php(1178): CodeIgniter\View\View->render('table/data_table', [], true)
 5 APPPATH\Controllers\Table2.php(29): view('table/data_table')
 6 SYSTEMPATH\CodeIgniter.php(941): App\Controllers\Table2->data_table()
 7 SYSTEMPATH\CodeIgniter.php(502): CodeIgniter\CodeIgniter->runController(Object(App\Controllers\Table2))
 8 SYSTEMPATH\CodeIgniter.php(361): CodeIgniter\CodeIgniter->handleRequest(null, Object(Config\Cache), false)
 9 FCPATH\index.php(79): CodeIgniter\CodeIgniter->run()
10 SYSTEMPATH\Commands\Server\rewrite.php(47): require_once('C:\\xampp\\htdocs\\codenighter\\public\\index.php')
INFO - 2024-05-05 04:26:37 --> Session: Class initialized using 'CodeIgniter\Session\Handlers\FileHandler' driver.
CRITICAL - 2024-05-05 04:26:37 --> ErrorException: Undefined variable $all_model_data
in APPPATH\Views\table\data_table.php on line 25.
 1 APPPATH\Views\table\data_table.php(25): CodeIgniter\Debug\Exceptions->errorHandler(2, 'Undefined variable $all_model_data', 'C:\\xampp\\htdocs\\codenighter\\app\\Views\\table\\data_table.php', 25)
 2 SYSTEMPATH\View\View.php(228): include('C:\\xampp\\htdocs\\codenighter\\app\\Views\\table\\data_table.php')
 3 SYSTEMPATH\View\View.php(231): CodeIgniter\View\View->CodeIgniter\View\{closure}()
 4 SYSTEMPATH\Common.php(1178): CodeIgniter\View\View->render('table/data_table', [], true)
 5 APPPATH\Controllers\Table2.php(28): view('table/data_table')
 6 SYSTEMPATH\CodeIgniter.php(941): App\Controllers\Table2->data_table()
 7 SYSTEMPATH\CodeIgniter.php(502): CodeIgniter\CodeIgniter->runController(Object(App\Controllers\Table2))
 8 SYSTEMPATH\CodeIgniter.php(361): CodeIgniter\CodeIgniter->handleRequest(null, Object(Config\Cache), false)
 9 FCPATH\index.php(79): CodeIgniter\CodeIgniter->run()
10 SYSTEMPATH\Commands\Server\rewrite.php(47): require_once('C:\\xampp\\htdocs\\codenighter\\public\\index.php')
INFO - 2024-05-05 04:36:28 --> Session: Class initialized using 'CodeIgniter\Session\Handlers\FileHandler' driver.
CRITICAL - 2024-05-05 04:36:28 --> ErrorException: Undefined variable $all_model_data
in APPPATH\Views\table\data_table.php on line 25.
 1 APPPATH\Views\table\data_table.php(25): CodeIgniter\Debug\Exceptions->errorHandler(2, 'Undefined variable $all_model_data', 'C:\\xampp\\htdocs\\codenighter\\app\\Views\\table\\data_table.php', 25)
 2 SYSTEMPATH\View\View.php(228): include('C:\\xampp\\htdocs\\codenighter\\app\\Views\\table\\data_table.php')
 3 SYSTEMPATH\View\View.php(231): CodeIgniter\View\View->CodeIgniter\View\{closure}()
 4 SYSTEMPATH\Common.php(1178): CodeIgniter\View\View->render('table/data_table', [], true)
 5 APPPATH\Controllers\Table2.php(28): view('table/data_table')
 6 SYSTEMPATH\CodeIgniter.php(941): App\Controllers\Table2->data_table()
 7 SYSTEMPATH\CodeIgniter.php(502): CodeIgniter\CodeIgniter->runController(Object(App\Controllers\Table2))
 8 SYSTEMPATH\CodeIgniter.php(361): CodeIgniter\CodeIgniter->handleRequest(null, Object(Config\Cache), false)
 9 FCPATH\index.php(79): CodeIgniter\CodeIgniter->run()
10 SYSTEMPATH\Commands\Server\rewrite.php(47): require_once('C:\\xampp\\htdocs\\codenighter\\public\\index.php')
INFO - 2024-05-05 04:37:13 --> Session: Class initialized using 'CodeIgniter\Session\Handlers\FileHandler' driver.
CRITICAL - 2024-05-05 04:37:13 --> ErrorException: Undefined variable $all_model_data
in APPPATH\Views\table\data_table.php on line 25.
 1 APPPATH\Views\table\data_table.php(25): CodeIgniter\Debug\Exceptions->errorHandler(2, 'Undefined variable $all_model_data', 'C:\\xampp\\htdocs\\codenighter\\app\\Views\\table\\data_table.php', 25)
 2 SYSTEMPATH\View\View.php(228): include('C:\\xampp\\htdocs\\codenighter\\app\\Views\\table\\data_table.php')
 3 SYSTEMPATH\View\View.php(231): CodeIgniter\View\View->CodeIgniter\View\{closure}()
 4 SYSTEMPATH\Common.php(1178): CodeIgniter\View\View->render('table/data_table', [], true)
 5 APPPATH\Controllers\Table2.php(28): view('table/data_table')
 6 SYSTEMPATH\CodeIgniter.php(941): App\Controllers\Table2->data_table()
 7 SYSTEMPATH\CodeIgniter.php(502): CodeIgniter\CodeIgniter->runController(Object(App\Controllers\Table2))
 8 SYSTEMPATH\CodeIgniter.php(361): CodeIgniter\CodeIgniter->handleRequest(null, Object(Config\Cache), false)
 9 FCPATH\index.php(79): CodeIgniter\CodeIgniter->run()
10 SYSTEMPATH\Commands\Server\rewrite.php(47): require_once('C:\\xampp\\htdocs\\codenighter\\public\\index.php')
INFO - 2024-05-05 04:37:36 --> Session: Class initialized using 'CodeIgniter\Session\Handlers\FileHandler' driver.
INFO - 2024-05-05 04:37:38 --> Session: Class initialized using 'CodeIgniter\Session\Handlers\FileHandler' driver.
INFO - 2024-05-05 04:39:40 --> Session: Class initialized using 'CodeIgniter\Session\Handlers\FileHandler' driver.
INFO - 2024-05-05 04:41:30 --> Session: Class initialized using 'CodeIgniter\Session\Handlers\FileHandler' driver.
INFO - 2024-05-05 04:42:05 --> Session: Class initialized using 'CodeIgniter\Session\Handlers\FileHandler' driver.
INFO - 2024-05-05 04:42:18 --> Session: Class initialized using 'CodeIgniter\Session\Handlers\FileHandler' driver.
INFO - 2024-05-05 04:44:07 --> Session: Class initialized using 'CodeIgniter\Session\Handlers\FileHandler' driver.
INFO - 2024-05-05 04:44:42 --> Session: Class initialized using 'CodeIgniter\Session\Handlers\FileHandler' driver.
INFO - 2024-05-05 04:52:48 --> Session: Class initialized using 'CodeIgniter\Session\Handlers\FileHandler' driver.
INFO - 2024-05-05 04:53:12 --> Session: Class initialized using 'CodeIgniter\Session\Handlers\FileHandler' driver.
INFO - 2024-05-05 04:54:16 --> Session: Class initialized using 'CodeIgniter\Session\Handlers\FileHandler' driver.
INFO - 2024-05-05 04:54:50 --> Session: Class initialized using 'CodeIgniter\Session\Handlers\FileHandler' driver.
INFO - 2024-05-05 04:55:06 --> Session: Class initialized using 'CodeIgniter\Session\Handlers\FileHandler' driver.
INFO - 2024-05-05 04:56:00 --> Session: Class initialized using 'CodeIgniter\Session\Handlers\FileHandler' driver.
INFO - 2024-05-05 04:56:25 --> Session: Class initialized using 'CodeIgniter\Session\Handlers\FileHandler' driver.
INFO - 2024-05-05 04:56:46 --> Session: Class initialized using 'CodeIgniter\Session\Handlers\FileHandler' driver.
INFO - 2024-05-05 13:10:51 --> Session: Class initialized using 'CodeIgniter\Session\Handlers\FileHandler' driver.
INFO - 2024-05-05 13:10:51 --> Session: Class initialized using 'CodeIgniter\Session\Handlers\FileHandler' driver.
INFO - 2024-05-05 13:11:04 --> Session: Class initialized using 'CodeIgniter\Session\Handlers\FileHandler' driver.
INFO - 2024-05-05 13:11:04 --> Session: Class initialized using 'CodeIgniter\Session\Handlers\FileHandler' driver.
INFO - 2024-05-05 13:11:09 --> Session: Class initialized using 'CodeIgniter\Session\Handlers\FileHandler' driver.
INFO - 2024-05-05 13:11:11 --> Session: Class initialized using 'CodeIgniter\Session\Handlers\FileHandler' driver.
INFO - 2024-05-05 13:11:13 --> Session: Class initialized using 'CodeIgniter\Session\Handlers\FileHandler' driver.
INFO - 2024-05-05 13:12:11 --> Session: Class initialized using 'CodeIgniter\Session\Handlers\FileHandler' driver.
INFO - 2024-05-05 13:13:39 --> Session: Class initialized using 'CodeIgniter\Session\Handlers\FileHandler' driver.
INFO - 2024-05-05 13:13:46 --> Session: Class initialized using 'CodeIgniter\Session\Handlers\FileHandler' driver.
INFO - 2024-05-05 13:13:48 --> Session: Class initialized using 'CodeIgniter\Session\Handlers\FileHandler' driver.
INFO - 2024-05-05 13:14:03 --> Session: Class initialized using 'CodeIgniter\Session\Handlers\FileHandler' driver.
INFO - 2024-05-05 13:19:46 --> Session: Class initialized using 'CodeIgniter\Session\Handlers\FileHandler' driver.
CRITICAL - 2024-05-05 13:19:46 --> ErrorException: Undefined variable $all_model_data
in APPPATH\Views\table\data_table.php on line 26.
 1 APPPATH\Views\table\data_table.php(26): CodeIgniter\Debug\Exceptions->errorHandler(2, 'Undefined variable $all_model_data', 'C:\\xampp\\htdocs\\codenighter\\app\\Views\\table\\data_table.php', 26)
 2 SYSTEMPATH\View\View.php(228): include('C:\\xampp\\htdocs\\codenighter\\app\\Views\\table\\data_table.php')
 3 SYSTEMPATH\View\View.php(231): CodeIgniter\View\View->CodeIgniter\View\{closure}()
 4 SYSTEMPATH\Common.php(1178): CodeIgniter\View\View->render('table/data_table', [], true)
 5 APPPATH\Controllers\Table2.php(28): view('table/data_table')
 6 SYSTEMPATH\CodeIgniter.php(941): App\Controllers\Table2->data_table()
 7 SYSTEMPATH\CodeIgniter.php(502): CodeIgniter\CodeIgniter->runController(Object(App\Controllers\Table2))
 8 SYSTEMPATH\CodeIgniter.php(361): CodeIgniter\CodeIgniter->handleRequest(null, Object(Config\Cache), false)
 9 FCPATH\index.php(79): CodeIgniter\CodeIgniter->run()
10 SYSTEMPATH\Commands\Server\rewrite.php(47): require_once('C:\\xampp\\htdocs\\codenighter\\public\\index.php')
INFO - 2024-05-05 13:23:04 --> Session: Class initialized using 'CodeIgniter\Session\Handlers\FileHandler' driver.
CRITICAL - 2024-05-05 13:23:04 --> ErrorException: Undefined variable $all_model_data
in APPPATH\Views\table\data_table.php on line 26.
 1 APPPATH\Views\table\data_table.php(26): CodeIgniter\Debug\Exceptions->errorHandler(2, 'Undefined variable $all_model_data', 'C:\\xampp\\htdocs\\codenighter\\app\\Views\\table\\data_table.php', 26)
 2 SYSTEMPATH\View\View.php(228): include('C:\\xampp\\htdocs\\codenighter\\app\\Views\\table\\data_table.php')
 3 SYSTEMPATH\View\View.php(231): CodeIgniter\View\View->CodeIgniter\View\{closure}()
 4 SYSTEMPATH\Common.php(1178): CodeIgniter\View\View->render('table/data_table', [], true)
 5 APPPATH\Controllers\Table2.php(28): view('table/data_table')
 6 SYSTEMPATH\CodeIgniter.php(941): App\Controllers\Table2->data_table()
 7 SYSTEMPATH\CodeIgniter.php(502): CodeIgniter\CodeIgniter->runController(Object(App\Controllers\Table2))
 8 SYSTEMPATH\CodeIgniter.php(361): CodeIgniter\CodeIgniter->handleRequest(null, Object(Config\Cache), false)
 9 FCPATH\index.php(79): CodeIgniter\CodeIgniter->run()
10 SYSTEMPATH\Commands\Server\rewrite.php(47): require_once('C:\\xampp\\htdocs\\codenighter\\public\\index.php')
INFO - 2024-05-05 13:33:36 --> Session: Class initialized using 'CodeIgniter\Session\Handlers\FileHandler' driver.
CRITICAL - 2024-05-05 13:33:36 --> ErrorException: Undefined variable $all_model_data
in APPPATH\Views\table\data_table.php on line 26.
 1 APPPATH\Views\table\data_table.php(26): CodeIgniter\Debug\Exceptions->errorHandler(2, 'Undefined variable $all_model_data', 'C:\\xampp\\htdocs\\codenighter\\app\\Views\\table\\data_table.php', 26)
 2 SYSTEMPATH\View\View.php(228): include('C:\\xampp\\htdocs\\codenighter\\app\\Views\\table\\data_table.php')
 3 SYSTEMPATH\View\View.php(231): CodeIgniter\View\View->CodeIgniter\View\{closure}()
 4 SYSTEMPATH\Common.php(1178): CodeIgniter\View\View->render('table/data_table', [], true)
 5 APPPATH\Controllers\Table2.php(28): view('table/data_table')
 6 SYSTEMPATH\CodeIgniter.php(941): App\Controllers\Table2->data_table()
 7 SYSTEMPATH\CodeIgniter.php(502): CodeIgniter\CodeIgniter->runController(Object(App\Controllers\Table2))
 8 SYSTEMPATH\CodeIgniter.php(361): CodeIgniter\CodeIgniter->handleRequest(null, Object(Config\Cache), false)
 9 FCPATH\index.php(79): CodeIgniter\CodeIgniter->run()
10 SYSTEMPATH\Commands\Server\rewrite.php(47): require_once('C:\\xampp\\htdocs\\codenighter\\public\\index.php')
INFO - 2024-05-05 13:40:01 --> Session: Class initialized using 'CodeIgniter\Session\Handlers\FileHandler' driver.
INFO - 2024-05-05 13:40:04 --> Session: Class initialized using 'CodeIgniter\Session\Handlers\FileHandler' driver.
CRITICAL - 2024-05-05 13:40:04 --> ErrorException: Undefined variable $all_model_data
in APPPATH\Views\table\data_table.php on line 26.
 1 APPPATH\Views\table\data_table.php(26): CodeIgniter\Debug\Exceptions->errorHandler(2, 'Undefined variable $all_model_data', 'C:\\xampp\\htdocs\\codenighter\\app\\Views\\table\\data_table.php', 26)
 2 SYSTEMPATH\View\View.php(228): include('C:\\xampp\\htdocs\\codenighter\\app\\Views\\table\\data_table.php')
 3 SYSTEMPATH\View\View.php(231): CodeIgniter\View\View->CodeIgniter\View\{closure}()
 4 SYSTEMPATH\Common.php(1178): CodeIgniter\View\View->render('table/data_table', [], true)
 5 APPPATH\Controllers\Table2.php(29): view('table/data_table')
 6 SYSTEMPATH\CodeIgniter.php(941): App\Controllers\Table2->data_table()
 7 SYSTEMPATH\CodeIgniter.php(502): CodeIgniter\CodeIgniter->runController(Object(App\Controllers\Table2))
 8 SYSTEMPATH\CodeIgniter.php(361): CodeIgniter\CodeIgniter->handleRequest(null, Object(Config\Cache), false)
 9 FCPATH\index.php(79): CodeIgniter\CodeIgniter->run()
10 SYSTEMPATH\Commands\Server\rewrite.php(47): require_once('C:\\xampp\\htdocs\\codenighter\\public\\index.php')
INFO - 2024-05-05 13:40:07 --> Session: Class initialized using 'CodeIgniter\Session\Handlers\FileHandler' driver.
CRITICAL - 2024-05-05 13:40:07 --> ErrorException: Undefined variable $all_model_data
in APPPATH\Views\table\data_table.php on line 26.
 1 APPPATH\Views\table\data_table.php(26): CodeIgniter\Debug\Exceptions->errorHandler(2, 'Undefined variable $all_model_data', 'C:\\xampp\\htdocs\\codenighter\\app\\Views\\table\\data_table.php', 26)
 2 SYSTEMPATH\View\View.php(228): include('C:\\xampp\\htdocs\\codenighter\\app\\Views\\table\\data_table.php')
 3 SYSTEMPATH\View\View.php(231): CodeIgniter\View\View->CodeIgniter\View\{closure}()
 4 SYSTEMPATH\Common.php(1178): CodeIgniter\View\View->render('table/data_table', [], true)
 5 APPPATH\Controllers\Table2.php(29): view('table/data_table')
 6 SYSTEMPATH\CodeIgniter.php(941): App\Controllers\Table2->data_table()
 7 SYSTEMPATH\CodeIgniter.php(502): CodeIgniter\CodeIgniter->runController(Object(App\Controllers\Table2))
 8 SYSTEMPATH\CodeIgniter.php(361): CodeIgniter\CodeIgniter->handleRequest(null, Object(Config\Cache), false)
 9 FCPATH\index.php(79): CodeIgniter\CodeIgniter->run()
10 SYSTEMPATH\Commands\Server\rewrite.php(47): require_once('C:\\xampp\\htdocs\\codenighter\\public\\index.php')
INFO - 2024-05-05 13:40:39 --> Session: Class initialized using 'CodeIgniter\Session\Handlers\FileHandler' driver.
INFO - 2024-05-05 13:40:45 --> Session: Class initialized using 'CodeIgniter\Session\Handlers\FileHandler' driver.
INFO - 2024-05-05 13:42:10 --> Session: Class initialized using 'CodeIgniter\Session\Handlers\FileHandler' driver.
INFO - 2024-05-05 13:43:52 --> Session: Class initialized using 'CodeIgniter\Session\Handlers\FileHandler' driver.
CRITICAL - 2024-05-05 13:43:52 --> ErrorException: Undefined variable $all_data_table
in APPPATH\Views\table\data_table.php on line 25.
 1 APPPATH\Views\table\data_table.php(25): CodeIgniter\Debug\Exceptions->errorHandler(2, 'Undefined variable $all_data_table', 'C:\\xampp\\htdocs\\codenighter\\app\\Views\\table\\data_table.php', 25)
 2 SYSTEMPATH\View\View.php(228): include('C:\\xampp\\htdocs\\codenighter\\app\\Views\\table\\data_table.php')
 3 SYSTEMPATH\View\View.php(231): CodeIgniter\View\View->CodeIgniter\View\{closure}()
 4 SYSTEMPATH\Common.php(1178): CodeIgniter\View\View->render('table/data_table', [], true)
 5 APPPATH\Controllers\Table2.php(35): view('table/data_table')
 6 SYSTEMPATH\CodeIgniter.php(941): App\Controllers\Table2->data_table()
 7 SYSTEMPATH\CodeIgniter.php(502): CodeIgniter\CodeIgniter->runController(Object(App\Controllers\Table2))
 8 SYSTEMPATH\CodeIgniter.php(361): CodeIgniter\CodeIgniter->handleRequest(null, Object(Config\Cache), false)
 9 FCPATH\index.php(79): CodeIgniter\CodeIgniter->run()
10 SYSTEMPATH\Commands\Server\rewrite.php(47): require_once('C:\\xampp\\htdocs\\codenighter\\public\\index.php')
INFO - 2024-05-05 13:54:03 --> Session: Class initialized using 'CodeIgniter\Session\Handlers\FileHandler' driver.
CRITICAL - 2024-05-05 13:54:03 --> ErrorException: Undefined variable $all_data_table
in APPPATH\Views\table\data_table.php on line 25.
 1 APPPATH\Views\table\data_table.php(25): CodeIgniter\Debug\Exceptions->errorHandler(2, 'Undefined variable $all_data_table', 'C:\\xampp\\htdocs\\codenighter\\app\\Views\\table\\data_table.php', 25)
 2 SYSTEMPATH\View\View.php(228): include('C:\\xampp\\htdocs\\codenighter\\app\\Views\\table\\data_table.php')
 3 SYSTEMPATH\View\View.php(231): CodeIgniter\View\View->CodeIgniter\View\{closure}()
 4 SYSTEMPATH\Common.php(1178): CodeIgniter\View\View->render('table/data_table', [], true)
 5 APPPATH\Controllers\Table2.php(35): view('table/data_table')
 6 SYSTEMPATH\CodeIgniter.php(941): App\Controllers\Table2->data_table()
 7 SYSTEMPATH\CodeIgniter.php(502): CodeIgniter\CodeIgniter->runController(Object(App\Controllers\Table2))
 8 SYSTEMPATH\CodeIgniter.php(361): CodeIgniter\CodeIgniter->handleRequest(null, Object(Config\Cache), false)
 9 FCPATH\index.php(79): CodeIgniter\CodeIgniter->run()
10 SYSTEMPATH\Commands\Server\rewrite.php(47): require_once('C:\\xampp\\htdocs\\codenighter\\public\\index.php')
INFO - 2024-05-05 13:54:09 --> Session: Class initialized using 'CodeIgniter\Session\Handlers\FileHandler' driver.
CRITICAL - 2024-05-05 13:54:09 --> ErrorException: Undefined variable $all_data_table
in APPPATH\Views\table\data_table.php on line 25.
 1 APPPATH\Views\table\data_table.php(25): CodeIgniter\Debug\Exceptions->errorHandler(2, 'Undefined variable $all_data_table', 'C:\\xampp\\htdocs\\codenighter\\app\\Views\\table\\data_table.php', 25)
 2 SYSTEMPATH\View\View.php(228): include('C:\\xampp\\htdocs\\codenighter\\app\\Views\\table\\data_table.php')
 3 SYSTEMPATH\View\View.php(231): CodeIgniter\View\View->CodeIgniter\View\{closure}()
 4 SYSTEMPATH\Common.php(1178): CodeIgniter\View\View->render('table/data_table', [], true)
 5 APPPATH\Controllers\Table2.php(35): view('table/data_table')
 6 SYSTEMPATH\CodeIgniter.php(941): App\Controllers\Table2->data_table()
 7 SYSTEMPATH\CodeIgniter.php(502): CodeIgniter\CodeIgniter->runController(Object(App\Controllers\Table2))
 8 SYSTEMPATH\CodeIgniter.php(361): CodeIgniter\CodeIgniter->handleRequest(null, Object(Config\Cache), false)
 9 FCPATH\index.php(79): CodeIgniter\CodeIgniter->run()
10 SYSTEMPATH\Commands\Server\rewrite.php(47): require_once('C:\\xampp\\htdocs\\codenighter\\public\\index.php')
INFO - 2024-05-05 14:44:16 --> Session: Class initialized using 'CodeIgniter\Session\Handlers\FileHandler' driver.
INFO - 2024-05-05 14:44:24 --> Session: Class initialized using 'CodeIgniter\Session\Handlers\FileHandler' driver.
INFO - 2024-05-05 14:47:43 --> Session: Class initialized using 'CodeIgniter\Session\Handlers\FileHandler' driver.
CRITICAL - 2024-05-05 14:47:43 --> ErrorException: Undefined variable $all_data_table
in APPPATH\Views\table\data_table.php on line 25.
 1 APPPATH\Views\table\data_table.php(25): CodeIgniter\Debug\Exceptions->errorHandler(2, 'Undefined variable $all_data_table', 'C:\\xampp\\htdocs\\codenighter\\app\\Views\\table\\data_table.php', 25)
 2 SYSTEMPATH\View\View.php(228): include('C:\\xampp\\htdocs\\codenighter\\app\\Views\\table\\data_table.php')
 3 SYSTEMPATH\View\View.php(231): CodeIgniter\View\View->CodeIgniter\View\{closure}()
 4 SYSTEMPATH\Common.php(1178): CodeIgniter\View\View->render('table/data_table', [], true)
 5 APPPATH\Controllers\Table2.php(27): view('table/data_table')
 6 SYSTEMPATH\CodeIgniter.php(941): App\Controllers\Table2->data_table()
 7 SYSTEMPATH\CodeIgniter.php(502): CodeIgniter\CodeIgniter->runController(Object(App\Controllers\Table2))
 8 SYSTEMPATH\CodeIgniter.php(361): CodeIgniter\CodeIgniter->handleRequest(null, Object(Config\Cache), false)
 9 FCPATH\index.php(79): CodeIgniter\CodeIgniter->run()
10 SYSTEMPATH\Commands\Server\rewrite.php(47): require_once('C:\\xampp\\htdocs\\codenighter\\public\\index.php')
INFO - 2024-05-05 14:51:33 --> Session: Class initialized using 'CodeIgniter\Session\Handlers\FileHandler' driver.
INFO - 2024-05-05 15:00:57 --> Session: Class initialized using 'CodeIgniter\Session\Handlers\FileHandler' driver.
INFO - 2024-05-05 15:01:25 --> Session: Class initialized using 'CodeIgniter\Session\Handlers\FileHandler' driver.
CRITICAL - 2024-05-05 15:01:25 --> ErrorException: Undefined variable $all_data_table
in APPPATH\Views\table\data_table.php on line 25.
 1 APPPATH\Views\table\data_table.php(25): CodeIgniter\Debug\Exceptions->errorHandler(2, 'Undefined variable $all_data_table', 'C:\\xampp\\htdocs\\codenighter\\app\\Views\\table\\data_table.php', 25)
 2 SYSTEMPATH\View\View.php(228): include('C:\\xampp\\htdocs\\codenighter\\app\\Views\\table\\data_table.php')
 3 SYSTEMPATH\View\View.php(231): CodeIgniter\View\View->CodeIgniter\View\{closure}()
 4 SYSTEMPATH\Common.php(1178): CodeIgniter\View\View->render('table/data_table', [], true)
 5 APPPATH\Controllers\Table2.php(29): view('table/data_table')
 6 SYSTEMPATH\CodeIgniter.php(941): App\Controllers\Table2->data_table()
 7 SYSTEMPATH\CodeIgniter.php(502): CodeIgniter\CodeIgniter->runController(Object(App\Controllers\Table2))
 8 SYSTEMPATH\CodeIgniter.php(361): CodeIgniter\CodeIgniter->handleRequest(null, Object(Config\Cache), false)
 9 FCPATH\index.php(79): CodeIgniter\CodeIgniter->run()
10 SYSTEMPATH\Commands\Server\rewrite.php(47): require_once('C:\\xampp\\htdocs\\codenighter\\public\\index.php')
INFO - 2024-05-05 15:07:04 --> Session: Class initialized using 'CodeIgniter\Session\Handlers\FileHandler' driver.
CRITICAL - 2024-05-05 15:07:04 --> ErrorException: Undefined variable $dataTable
in APPPATH\Views\table\data_table.php on line 25.
 1 APPPATH\Views\table\data_table.php(25): CodeIgniter\Debug\Exceptions->errorHandler(2, 'Undefined variable $dataTable', 'C:\\xampp\\htdocs\\codenighter\\app\\Views\\table\\data_table.php', 25)
 2 SYSTEMPATH\View\View.php(228): include('C:\\xampp\\htdocs\\codenighter\\app\\Views\\table\\data_table.php')
 3 SYSTEMPATH\View\View.php(231): CodeIgniter\View\View->CodeIgniter\View\{closure}()
 4 SYSTEMPATH\Common.php(1178): CodeIgniter\View\View->render('table/data_table', [], true)
 5 APPPATH\Controllers\Table2.php(29): view('table/data_table')
 6 SYSTEMPATH\CodeIgniter.php(941): App\Controllers\Table2->data_table()
 7 SYSTEMPATH\CodeIgniter.php(502): CodeIgniter\CodeIgniter->runController(Object(App\Controllers\Table2))
 8 SYSTEMPATH\CodeIgniter.php(361): CodeIgniter\CodeIgniter->handleRequest(null, Object(Config\Cache), false)
 9 FCPATH\index.php(79): CodeIgniter\CodeIgniter->run()
10 SYSTEMPATH\Commands\Server\rewrite.php(47): require_once('C:\\xampp\\htdocs\\codenighter\\public\\index.php')
